ARM GAS  C:\Users\angel\AppData\Local\Temp\cciwXJCf.s 			page 1


   1              		.syntax unified
   2              		.cpu cortex-m3
   3              		.fpu softvfp
   4              		.eabi_attribute 20, 1
   5              		.eabi_attribute 21, 1
   6              		.eabi_attribute 23, 3
   7              		.eabi_attribute 24, 1
   8              		.eabi_attribute 25, 1
   9              		.eabi_attribute 26, 1
  10              		.eabi_attribute 30, 1
  11              		.eabi_attribute 34, 1
  12              		.eabi_attribute 18, 4
  13              		.thumb
  14              		.syntax unified
  15              		.file	"main.c"
  16              		.text
  17              	.Ltext0:
  18              		.cfi_sections	.debug_frame
  19              		.section	.text.cambio,"ax",%progbits
  20              		.align	2
  21              		.global	cambio
  22              		.thumb
  23              		.thumb_func
  24              		.type	cambio, %function
  25              	cambio:
  26              	.LFB63:
  27              		.file 1 "main.c"
   1:main.c        **** #include "project.h"
   2:main.c        **** 
   3:main.c        **** CY_ISR(cambio)
   4:main.c        **** {        
  28              		.loc 1 4 0
  29              		.cfi_startproc
  30              		@ args = 0, pretend = 0, frame = 0
  31              		@ frame_needed = 0, uses_anonymous_args = 0
  32 0000 08B5     		push	{r3, lr}
  33              		.cfi_def_cfa_offset 8
  34              		.cfi_offset 3, -8
  35              		.cfi_offset 14, -4
   5:main.c        ****     isr_glitch_ClearPending();
  36              		.loc 1 5 0
  37 0002 FFF7FEFF 		bl	isr_glitch_ClearPending
  38              	.LVL0:
   6:main.c        ****     LED_Write(~LED_Read());
  39              		.loc 1 6 0
  40 0006 FFF7FEFF 		bl	LED_Read
  41              	.LVL1:
  42 000a C043     		mvns	r0, r0
  43 000c C0B2     		uxtb	r0, r0
  44 000e FFF7FEFF 		bl	LED_Write
  45              	.LVL2:
  46 0012 08BD     		pop	{r3, pc}
  47              		.cfi_endproc
  48              	.LFE63:
  49              		.size	cambio, .-cambio
  50              		.section	.text.main,"ax",%progbits
  51              		.align	2
ARM GAS  C:\Users\angel\AppData\Local\Temp\cciwXJCf.s 			page 2


  52              		.global	main
  53              		.thumb
  54              		.thumb_func
  55              		.type	main, %function
  56              	main:
  57              	.LFB64:
   7:main.c        **** }
   8:main.c        **** 
   9:main.c        **** CY_ISR_PROTO(cambio);
  10:main.c        **** 
  11:main.c        **** int main(void)
  12:main.c        **** {
  58              		.loc 1 12 0
  59              		.cfi_startproc
  60              		@ Volatile: function does not return.
  61              		@ args = 0, pretend = 0, frame = 0
  62              		@ frame_needed = 0, uses_anonymous_args = 0
  63 0000 08B5     		push	{r3, lr}
  64              		.cfi_def_cfa_offset 8
  65              		.cfi_offset 3, -8
  66              		.cfi_offset 14, -4
  13:main.c        ****     CyGlobalIntEnable; 
  67              		.loc 1 13 0
  68              		.syntax unified
  69              	@ 13 "main.c" 1
  70 0002 62B6     		CPSIE   i
  71              	@ 0 "" 2
  14:main.c        ****     isr_glitch_StartEx(cambio);
  72              		.loc 1 14 0
  73              		.thumb
  74              		.syntax unified
  75 0004 0148     		ldr	r0, .L6
  76 0006 FFF7FEFF 		bl	isr_glitch_StartEx
  77              	.LVL3:
  78              	.L4:
  79 000a FEE7     		b	.L4
  80              	.L7:
  81              		.align	2
  82              	.L6:
  83 000c 00000000 		.word	cambio
  84              		.cfi_endproc
  85              	.LFE64:
  86              		.size	main, .-main
  87              		.text
  88              	.Letext0:
  89              		.file 2 "c:\\program files (x86)\\cypress\\psoc creator\\4.3\\psoc creator\\import\\gnu\\arm\\5.4.
  90              		.file 3 "c:\\program files (x86)\\cypress\\psoc creator\\4.3\\psoc creator\\import\\gnu\\arm\\5.4.
  91              		.file 4 "Generated_Source\\PSoC5/isr_glitch.h"
  92              		.file 5 "Generated_Source\\PSoC5/LED.h"
  93              		.file 6 "Generated_Source\\PSoC5/core_cm3.h"
  94              		.section	.debug_info,"",%progbits
  95              	.Ldebug_info0:
  96 0000 3C010000 		.4byte	0x13c
  97 0004 0400     		.2byte	0x4
  98 0006 00000000 		.4byte	.Ldebug_abbrev0
  99 000a 04       		.byte	0x4
 100 000b 01       		.uleb128 0x1
ARM GAS  C:\Users\angel\AppData\Local\Temp\cciwXJCf.s 			page 3


 101 000c 8B000000 		.4byte	.LASF20
 102 0010 0C       		.byte	0xc
 103 0011 78000000 		.4byte	.LASF21
 104 0015 2E000000 		.4byte	.LASF22
 105 0019 00000000 		.4byte	.Ldebug_ranges0+0
 106 001d 00000000 		.4byte	0
 107 0021 00000000 		.4byte	.Ldebug_line0
 108 0025 02       		.uleb128 0x2
 109 0026 01       		.byte	0x1
 110 0027 06       		.byte	0x6
 111 0028 B0010000 		.4byte	.LASF0
 112 002c 02       		.uleb128 0x2
 113 002d 01       		.byte	0x1
 114 002e 08       		.byte	0x8
 115 002f 80010000 		.4byte	.LASF1
 116 0033 02       		.uleb128 0x2
 117 0034 02       		.byte	0x2
 118 0035 05       		.byte	0x5
 119 0036 D8010000 		.4byte	.LASF2
 120 003a 02       		.uleb128 0x2
 121 003b 02       		.byte	0x2
 122 003c 07       		.byte	0x7
 123 003d 0E000000 		.4byte	.LASF3
 124 0041 03       		.uleb128 0x3
 125 0042 C8010000 		.4byte	.LASF9
 126 0046 02       		.byte	0x2
 127 0047 3F       		.byte	0x3f
 128 0048 4C000000 		.4byte	0x4c
 129 004c 02       		.uleb128 0x2
 130 004d 04       		.byte	0x4
 131 004e 05       		.byte	0x5
 132 004f 93010000 		.4byte	.LASF4
 133 0053 02       		.uleb128 0x2
 134 0054 04       		.byte	0x4
 135 0055 07       		.byte	0x7
 136 0056 23010000 		.4byte	.LASF5
 137 005a 02       		.uleb128 0x2
 138 005b 08       		.byte	0x8
 139 005c 05       		.byte	0x5
 140 005d 00000000 		.4byte	.LASF6
 141 0061 02       		.uleb128 0x2
 142 0062 08       		.byte	0x8
 143 0063 07       		.byte	0x7
 144 0064 35010000 		.4byte	.LASF7
 145 0068 04       		.uleb128 0x4
 146 0069 04       		.byte	0x4
 147 006a 05       		.byte	0x5
 148 006b 696E7400 		.ascii	"int\000"
 149 006f 02       		.uleb128 0x2
 150 0070 04       		.byte	0x4
 151 0071 07       		.byte	0x7
 152 0072 21000000 		.4byte	.LASF8
 153 0076 03       		.uleb128 0x3
 154 0077 E2010000 		.4byte	.LASF10
 155 007b 03       		.byte	0x3
 156 007c 2C       		.byte	0x2c
 157 007d 41000000 		.4byte	0x41
ARM GAS  C:\Users\angel\AppData\Local\Temp\cciwXJCf.s 			page 4


 158 0081 02       		.uleb128 0x2
 159 0082 04       		.byte	0x4
 160 0083 04       		.byte	0x4
 161 0084 D2010000 		.4byte	.LASF11
 162 0088 02       		.uleb128 0x2
 163 0089 08       		.byte	0x8
 164 008a 04       		.byte	0x4
 165 008b 9C010000 		.4byte	.LASF12
 166 008f 02       		.uleb128 0x2
 167 0090 01       		.byte	0x1
 168 0091 08       		.byte	0x8
 169 0092 8E010000 		.4byte	.LASF13
 170 0096 02       		.uleb128 0x2
 171 0097 04       		.byte	0x4
 172 0098 07       		.byte	0x7
 173 0099 EA010000 		.4byte	.LASF14
 174 009d 02       		.uleb128 0x2
 175 009e 08       		.byte	0x8
 176 009f 04       		.byte	0x4
 177 00a0 BC010000 		.4byte	.LASF15
 178 00a4 05       		.uleb128 0x5
 179 00a5 84000000 		.4byte	.LASF23
 180 00a9 01       		.byte	0x1
 181 00aa 03       		.byte	0x3
 182 00ab 00000000 		.4byte	.LFB63
 183 00af 14000000 		.4byte	.LFE63-.LFB63
 184 00b3 01       		.uleb128 0x1
 185 00b4 9C       		.byte	0x9c
 186 00b5 D5000000 		.4byte	0xd5
 187 00b9 06       		.uleb128 0x6
 188 00ba 06000000 		.4byte	.LVL0
 189 00be 13010000 		.4byte	0x113
 190 00c2 06       		.uleb128 0x6
 191 00c3 0A000000 		.4byte	.LVL1
 192 00c7 1E010000 		.4byte	0x11e
 193 00cb 06       		.uleb128 0x6
 194 00cc 12000000 		.4byte	.LVL2
 195 00d0 29010000 		.4byte	0x129
 196 00d4 00       		.byte	0
 197 00d5 07       		.uleb128 0x7
 198 00d6 7F000000 		.4byte	.LASF24
 199 00da 01       		.byte	0x1
 200 00db 0B       		.byte	0xb
 201 00dc 68000000 		.4byte	0x68
 202 00e0 00000000 		.4byte	.LFB64
 203 00e4 10000000 		.4byte	.LFE64-.LFB64
 204 00e8 01       		.uleb128 0x1
 205 00e9 9C       		.byte	0x9c
 206 00ea 02010000 		.4byte	0x102
 207 00ee 08       		.uleb128 0x8
 208 00ef 0A000000 		.4byte	.LVL3
 209 00f3 34010000 		.4byte	0x134
 210 00f7 09       		.uleb128 0x9
 211 00f8 01       		.uleb128 0x1
 212 00f9 50       		.byte	0x50
 213 00fa 05       		.uleb128 0x5
 214 00fb 03       		.byte	0x3
ARM GAS  C:\Users\angel\AppData\Local\Temp\cciwXJCf.s 			page 5


 215 00fc 00000000 		.4byte	cambio
 216 0100 00       		.byte	0
 217 0101 00       		.byte	0
 218 0102 0A       		.uleb128 0xa
 219 0103 A3010000 		.4byte	.LASF25
 220 0107 06       		.byte	0x6
 221 0108 1207     		.2byte	0x712
 222 010a 0E010000 		.4byte	0x10e
 223 010e 0B       		.uleb128 0xb
 224 010f 76000000 		.4byte	0x76
 225 0113 0C       		.uleb128 0xc
 226 0114 68010000 		.4byte	.LASF16
 227 0118 68010000 		.4byte	.LASF16
 228 011c 04       		.byte	0x4
 229 011d 28       		.byte	0x28
 230 011e 0C       		.uleb128 0xc
 231 011f 5F010000 		.4byte	.LASF17
 232 0123 5F010000 		.4byte	.LASF17
 233 0127 05       		.byte	0x5
 234 0128 29       		.byte	0x29
 235 0129 0C       		.uleb128 0xc
 236 012a 19010000 		.4byte	.LASF18
 237 012e 19010000 		.4byte	.LASF18
 238 0132 05       		.byte	0x5
 239 0133 26       		.byte	0x26
 240 0134 0C       		.uleb128 0xc
 241 0135 4C010000 		.4byte	.LASF19
 242 0139 4C010000 		.4byte	.LASF19
 243 013d 04       		.byte	0x4
 244 013e 18       		.byte	0x18
 245 013f 00       		.byte	0
 246              		.section	.debug_abbrev,"",%progbits
 247              	.Ldebug_abbrev0:
 248 0000 01       		.uleb128 0x1
 249 0001 11       		.uleb128 0x11
 250 0002 01       		.byte	0x1
 251 0003 25       		.uleb128 0x25
 252 0004 0E       		.uleb128 0xe
 253 0005 13       		.uleb128 0x13
 254 0006 0B       		.uleb128 0xb
 255 0007 03       		.uleb128 0x3
 256 0008 0E       		.uleb128 0xe
 257 0009 1B       		.uleb128 0x1b
 258 000a 0E       		.uleb128 0xe
 259 000b 55       		.uleb128 0x55
 260 000c 17       		.uleb128 0x17
 261 000d 11       		.uleb128 0x11
 262 000e 01       		.uleb128 0x1
 263 000f 10       		.uleb128 0x10
 264 0010 17       		.uleb128 0x17
 265 0011 00       		.byte	0
 266 0012 00       		.byte	0
 267 0013 02       		.uleb128 0x2
 268 0014 24       		.uleb128 0x24
 269 0015 00       		.byte	0
 270 0016 0B       		.uleb128 0xb
 271 0017 0B       		.uleb128 0xb
ARM GAS  C:\Users\angel\AppData\Local\Temp\cciwXJCf.s 			page 6


 272 0018 3E       		.uleb128 0x3e
 273 0019 0B       		.uleb128 0xb
 274 001a 03       		.uleb128 0x3
 275 001b 0E       		.uleb128 0xe
 276 001c 00       		.byte	0
 277 001d 00       		.byte	0
 278 001e 03       		.uleb128 0x3
 279 001f 16       		.uleb128 0x16
 280 0020 00       		.byte	0
 281 0021 03       		.uleb128 0x3
 282 0022 0E       		.uleb128 0xe
 283 0023 3A       		.uleb128 0x3a
 284 0024 0B       		.uleb128 0xb
 285 0025 3B       		.uleb128 0x3b
 286 0026 0B       		.uleb128 0xb
 287 0027 49       		.uleb128 0x49
 288 0028 13       		.uleb128 0x13
 289 0029 00       		.byte	0
 290 002a 00       		.byte	0
 291 002b 04       		.uleb128 0x4
 292 002c 24       		.uleb128 0x24
 293 002d 00       		.byte	0
 294 002e 0B       		.uleb128 0xb
 295 002f 0B       		.uleb128 0xb
 296 0030 3E       		.uleb128 0x3e
 297 0031 0B       		.uleb128 0xb
 298 0032 03       		.uleb128 0x3
 299 0033 08       		.uleb128 0x8
 300 0034 00       		.byte	0
 301 0035 00       		.byte	0
 302 0036 05       		.uleb128 0x5
 303 0037 2E       		.uleb128 0x2e
 304 0038 01       		.byte	0x1
 305 0039 3F       		.uleb128 0x3f
 306 003a 19       		.uleb128 0x19
 307 003b 03       		.uleb128 0x3
 308 003c 0E       		.uleb128 0xe
 309 003d 3A       		.uleb128 0x3a
 310 003e 0B       		.uleb128 0xb
 311 003f 3B       		.uleb128 0x3b
 312 0040 0B       		.uleb128 0xb
 313 0041 27       		.uleb128 0x27
 314 0042 19       		.uleb128 0x19
 315 0043 11       		.uleb128 0x11
 316 0044 01       		.uleb128 0x1
 317 0045 12       		.uleb128 0x12
 318 0046 06       		.uleb128 0x6
 319 0047 40       		.uleb128 0x40
 320 0048 18       		.uleb128 0x18
 321 0049 9742     		.uleb128 0x2117
 322 004b 19       		.uleb128 0x19
 323 004c 01       		.uleb128 0x1
 324 004d 13       		.uleb128 0x13
 325 004e 00       		.byte	0
 326 004f 00       		.byte	0
 327 0050 06       		.uleb128 0x6
 328 0051 898201   		.uleb128 0x4109
ARM GAS  C:\Users\angel\AppData\Local\Temp\cciwXJCf.s 			page 7


 329 0054 00       		.byte	0
 330 0055 11       		.uleb128 0x11
 331 0056 01       		.uleb128 0x1
 332 0057 31       		.uleb128 0x31
 333 0058 13       		.uleb128 0x13
 334 0059 00       		.byte	0
 335 005a 00       		.byte	0
 336 005b 07       		.uleb128 0x7
 337 005c 2E       		.uleb128 0x2e
 338 005d 01       		.byte	0x1
 339 005e 3F       		.uleb128 0x3f
 340 005f 19       		.uleb128 0x19
 341 0060 03       		.uleb128 0x3
 342 0061 0E       		.uleb128 0xe
 343 0062 3A       		.uleb128 0x3a
 344 0063 0B       		.uleb128 0xb
 345 0064 3B       		.uleb128 0x3b
 346 0065 0B       		.uleb128 0xb
 347 0066 27       		.uleb128 0x27
 348 0067 19       		.uleb128 0x19
 349 0068 49       		.uleb128 0x49
 350 0069 13       		.uleb128 0x13
 351 006a 8701     		.uleb128 0x87
 352 006c 19       		.uleb128 0x19
 353 006d 11       		.uleb128 0x11
 354 006e 01       		.uleb128 0x1
 355 006f 12       		.uleb128 0x12
 356 0070 06       		.uleb128 0x6
 357 0071 40       		.uleb128 0x40
 358 0072 18       		.uleb128 0x18
 359 0073 9742     		.uleb128 0x2117
 360 0075 19       		.uleb128 0x19
 361 0076 01       		.uleb128 0x1
 362 0077 13       		.uleb128 0x13
 363 0078 00       		.byte	0
 364 0079 00       		.byte	0
 365 007a 08       		.uleb128 0x8
 366 007b 898201   		.uleb128 0x4109
 367 007e 01       		.byte	0x1
 368 007f 11       		.uleb128 0x11
 369 0080 01       		.uleb128 0x1
 370 0081 31       		.uleb128 0x31
 371 0082 13       		.uleb128 0x13
 372 0083 00       		.byte	0
 373 0084 00       		.byte	0
 374 0085 09       		.uleb128 0x9
 375 0086 8A8201   		.uleb128 0x410a
 376 0089 00       		.byte	0
 377 008a 02       		.uleb128 0x2
 378 008b 18       		.uleb128 0x18
 379 008c 9142     		.uleb128 0x2111
 380 008e 18       		.uleb128 0x18
 381 008f 00       		.byte	0
 382 0090 00       		.byte	0
 383 0091 0A       		.uleb128 0xa
 384 0092 34       		.uleb128 0x34
 385 0093 00       		.byte	0
ARM GAS  C:\Users\angel\AppData\Local\Temp\cciwXJCf.s 			page 8


 386 0094 03       		.uleb128 0x3
 387 0095 0E       		.uleb128 0xe
 388 0096 3A       		.uleb128 0x3a
 389 0097 0B       		.uleb128 0xb
 390 0098 3B       		.uleb128 0x3b
 391 0099 05       		.uleb128 0x5
 392 009a 49       		.uleb128 0x49
 393 009b 13       		.uleb128 0x13
 394 009c 3F       		.uleb128 0x3f
 395 009d 19       		.uleb128 0x19
 396 009e 3C       		.uleb128 0x3c
 397 009f 19       		.uleb128 0x19
 398 00a0 00       		.byte	0
 399 00a1 00       		.byte	0
 400 00a2 0B       		.uleb128 0xb
 401 00a3 35       		.uleb128 0x35
 402 00a4 00       		.byte	0
 403 00a5 49       		.uleb128 0x49
 404 00a6 13       		.uleb128 0x13
 405 00a7 00       		.byte	0
 406 00a8 00       		.byte	0
 407 00a9 0C       		.uleb128 0xc
 408 00aa 2E       		.uleb128 0x2e
 409 00ab 00       		.byte	0
 410 00ac 3F       		.uleb128 0x3f
 411 00ad 19       		.uleb128 0x19
 412 00ae 3C       		.uleb128 0x3c
 413 00af 19       		.uleb128 0x19
 414 00b0 6E       		.uleb128 0x6e
 415 00b1 0E       		.uleb128 0xe
 416 00b2 03       		.uleb128 0x3
 417 00b3 0E       		.uleb128 0xe
 418 00b4 3A       		.uleb128 0x3a
 419 00b5 0B       		.uleb128 0xb
 420 00b6 3B       		.uleb128 0x3b
 421 00b7 0B       		.uleb128 0xb
 422 00b8 00       		.byte	0
 423 00b9 00       		.byte	0
 424 00ba 00       		.byte	0
 425              		.section	.debug_aranges,"",%progbits
 426 0000 24000000 		.4byte	0x24
 427 0004 0200     		.2byte	0x2
 428 0006 00000000 		.4byte	.Ldebug_info0
 429 000a 04       		.byte	0x4
 430 000b 00       		.byte	0
 431 000c 0000     		.2byte	0
 432 000e 0000     		.2byte	0
 433 0010 00000000 		.4byte	.LFB63
 434 0014 14000000 		.4byte	.LFE63-.LFB63
 435 0018 00000000 		.4byte	.LFB64
 436 001c 10000000 		.4byte	.LFE64-.LFB64
 437 0020 00000000 		.4byte	0
 438 0024 00000000 		.4byte	0
 439              		.section	.debug_ranges,"",%progbits
 440              	.Ldebug_ranges0:
 441 0000 00000000 		.4byte	.LFB63
 442 0004 14000000 		.4byte	.LFE63
ARM GAS  C:\Users\angel\AppData\Local\Temp\cciwXJCf.s 			page 9


 443 0008 00000000 		.4byte	.LFB64
 444 000c 10000000 		.4byte	.LFE64
 445 0010 00000000 		.4byte	0
 446 0014 00000000 		.4byte	0
 447              		.section	.debug_line,"",%progbits
 448              	.Ldebug_line0:
 449 0000 7E010000 		.section	.debug_str,"MS",%progbits,1
 449      02005801 
 449      00000201 
 449      FB0E0D00 
 449      01010101 
 450              	.LASF6:
 451 0000 6C6F6E67 		.ascii	"long long int\000"
 451      206C6F6E 
 451      6720696E 
 451      7400
 452              	.LASF3:
 453 000e 73686F72 		.ascii	"short unsigned int\000"
 453      7420756E 
 453      7369676E 
 453      65642069 
 453      6E7400
 454              	.LASF8:
 455 0021 756E7369 		.ascii	"unsigned int\000"
 455      676E6564 
 455      20696E74 
 455      00
 456              	.LASF22:
 457 002e 433A5C55 		.ascii	"C:\\Users\\angel\\Documents\\PSoC Creator\\Boton_So"
 457      73657273 
 457      5C616E67 
 457      656C5C44 
 457      6F63756D 
 458 005c 66747761 		.ascii	"ftware\\Boton_Software.cydsn\000"
 458      72655C42 
 458      6F746F6E 
 458      5F536F66 
 458      74776172 
 459              	.LASF21:
 460 0078 6D61696E 		.ascii	"main.c\000"
 460      2E6300
 461              	.LASF24:
 462 007f 6D61696E 		.ascii	"main\000"
 462      00
 463              	.LASF23:
 464 0084 63616D62 		.ascii	"cambio\000"
 464      696F00
 465              	.LASF20:
 466 008b 474E5520 		.ascii	"GNU C11 5.4.1 20160609 (release) [ARM/embedded-5-br"
 466      43313120 
 466      352E342E 
 466      31203230 
 466      31363036 
 467 00be 616E6368 		.ascii	"anch revision 237715] -mcpu=cortex-m3 -mthumb -g -O"
 467      20726576 
 467      6973696F 
 467      6E203233 
ARM GAS  C:\Users\angel\AppData\Local\Temp\cciwXJCf.s 			page 10


 467      37373135 
 468 00f1 67202D66 		.ascii	"g -ffunction-sections -ffat-lto-objects\000"
 468      66756E63 
 468      74696F6E 
 468      2D736563 
 468      74696F6E 
 469              	.LASF18:
 470 0119 4C45445F 		.ascii	"LED_Write\000"
 470      57726974 
 470      6500
 471              	.LASF5:
 472 0123 6C6F6E67 		.ascii	"long unsigned int\000"
 472      20756E73 
 472      69676E65 
 472      6420696E 
 472      7400
 473              	.LASF7:
 474 0135 6C6F6E67 		.ascii	"long long unsigned int\000"
 474      206C6F6E 
 474      6720756E 
 474      7369676E 
 474      65642069 
 475              	.LASF19:
 476 014c 6973725F 		.ascii	"isr_glitch_StartEx\000"
 476      676C6974 
 476      63685F53 
 476      74617274 
 476      457800
 477              	.LASF17:
 478 015f 4C45445F 		.ascii	"LED_Read\000"
 478      52656164 
 478      00
 479              	.LASF16:
 480 0168 6973725F 		.ascii	"isr_glitch_ClearPending\000"
 480      676C6974 
 480      63685F43 
 480      6C656172 
 480      50656E64 
 481              	.LASF1:
 482 0180 756E7369 		.ascii	"unsigned char\000"
 482      676E6564 
 482      20636861 
 482      7200
 483              	.LASF13:
 484 018e 63686172 		.ascii	"char\000"
 484      00
 485              	.LASF4:
 486 0193 6C6F6E67 		.ascii	"long int\000"
 486      20696E74 
 486      00
 487              	.LASF12:
 488 019c 646F7562 		.ascii	"double\000"
 488      6C6500
 489              	.LASF25:
 490 01a3 49544D5F 		.ascii	"ITM_RxBuffer\000"
 490      52784275 
 490      66666572 
ARM GAS  C:\Users\angel\AppData\Local\Temp\cciwXJCf.s 			page 11


 490      00
 491              	.LASF0:
 492 01b0 7369676E 		.ascii	"signed char\000"
 492      65642063 
 492      68617200 
 493              	.LASF15:
 494 01bc 6C6F6E67 		.ascii	"long double\000"
 494      20646F75 
 494      626C6500 
 495              	.LASF9:
 496 01c8 5F5F696E 		.ascii	"__int32_t\000"
 496      7433325F 
 496      7400
 497              	.LASF11:
 498 01d2 666C6F61 		.ascii	"float\000"
 498      7400
 499              	.LASF2:
 500 01d8 73686F72 		.ascii	"short int\000"
 500      7420696E 
 500      7400
 501              	.LASF10:
 502 01e2 696E7433 		.ascii	"int32_t\000"
 502      325F7400 
 503              	.LASF14:
 504 01ea 73697A65 		.ascii	"sizetype\000"
 504      74797065 
 504      00
 505              		.ident	"GCC: (GNU Tools for ARM Embedded Processors) 5.4.1 20160609 (release) [ARM/embedded-5-bran
