--------------- Build Started: 01/07/2022 02:11:23 Project: DelSig_16Channel01, Configuration: ARM GCC 5.4-2016-q2-update Debug ---------------
cydsfit.exe -.appdatapath "C:\Users\celua\AppData\Local\Cypress Semiconductor\PSoC Creator\4.4" -.fdsnotice -.fdswarpdepfile=warp_dependencies.txt -.fdselabdepfile=elab_dependencies.txt -.fdsbldfile=generated_files.txt -.fdsreffile=referenced_files.txt -p "D:\psoc codes\adc16\DelSig_16Channel01\DelSig_16Channel01.cydsn\DelSig_16Channel01.cyprj" -d CY8C5888LTI-LP097 -s "D:\psoc codes\adc16\DelSig_16Channel01\DelSig_16Channel01.cydsn\Generated_Source\PSoC5" -- -yv2 -q10 -ygs -o2 -v3 -.fftcfgtype=LE
Elaborating Design...
HDL Generation...
Synthesis...
Tech Mapping...
ADD: pft.M0040: information: The following 9 pin(s) will be assigned a location by the fitter: ChannelSelect(0), Vin0(0), Vin1(0), Vin2(0), Vin3(0), Vin4(0), Vin5(0), Vin6(0), Vin7(0)
Analog Placement...
Info: apr.M0002: Analog signal "\ADC:Net_35\" is connected to one terminal only. (App=cydsfit)
Log: apr.M0058: The analog placement iterative improvement is 75% done. (App=cydsfit)
Analog Routing...
Analog Code Generation...
Digital Placement...
Digital Routing...
Bitstream Generation...
Bitstream Verification...
Static timing analysis...
API Generation...
Dependency Generation...
Cleanup...
arm-none-eabi-gcc.exe -mcpu=cortex-m3 -mthumb -I. -IGenerated_Source\PSoC5 -Wa,-alh=.\CortexM3\ARM_GCC_541\Debug/main.lst -g -Wall -ffunction-sections -ffat-lto-objects -O0 -c main.c -o .\CortexM3\ARM_GCC_541\Debug\main.o
arm-none-eabi-gcc.exe -mcpu=cortex-m3 -mthumb -I. -IGenerated_Source\PSoC5 -Wa,-alh=.\CortexM3\ARM_GCC_541\Debug/cyfitter_cfg.lst -g -Wall -ffunction-sections -ffat-lto-objects -O0 -c Generated_Source\PSoC5\cyfitter_cfg.c -o .\CortexM3\ARM_GCC_541\Debug\cyfitter_cfg.o
arm-none-eabi-gcc.exe -mcpu=cortex-m3 -mthumb -I. -IGenerated_Source\PSoC5 -Wa,-alh=.\CortexM3\ARM_GCC_541\Debug/cymetadata.lst -g -Wall -ffunction-sections -ffat-lto-objects -O0 -c Generated_Source\PSoC5\cymetadata.c -o .\CortexM3\ARM_GCC_541\Debug\cymetadata.o
arm-none-eabi-gcc.exe -mcpu=cortex-m3 -mthumb -I. -IGenerated_Source\PSoC5 -Wa,-alh=.\CortexM3\ARM_GCC_541\Debug/Start_Reg.lst -g -Wall -ffunction-sections -ffat-lto-objects -O0 -c Generated_Source\PSoC5\Start_Reg.c -o .\CortexM3\ARM_GCC_541\Debug\Start_Reg.o
arm-none-eabi-gcc.exe -mcpu=cortex-m3 -mthumb -I. -IGenerated_Source\PSoC5 -Wa,-alh=.\CortexM3\ARM_GCC_541\Debug/Start_Reg_PM.lst -g -Wall -ffunction-sections -ffat-lto-objects -O0 -c Generated_Source\PSoC5\Start_Reg_PM.c -o .\CortexM3\ARM_GCC_541\Debug\Start_Reg_PM.o
arm-none-eabi-gcc.exe -mcpu=cortex-m3 -mthumb -I. -IGenerated_Source\PSoC5 -Wa,-alh=.\CortexM3\ARM_GCC_541\Debug/Vin0.lst -g -Wall -ffunction-sections -ffat-lto-objects -O0 -c Generated_Source\PSoC5\Vin0.c -o .\CortexM3\ARM_GCC_541\Debug\Vin0.o
arm-none-eabi-gcc.exe -mcpu=cortex-m3 -mthumb -I. -IGenerated_Source\PSoC5 -Wa,-alh=.\CortexM3\ARM_GCC_541\Debug/LCD.lst -g -Wall -ffunction-sections -ffat-lto-objects -O0 -c Generated_Source\PSoC5\LCD.c -o .\CortexM3\ARM_GCC_541\Debug\LCD.o
arm-none-eabi-gcc.exe -mcpu=cortex-m3 -mthumb -I. -IGenerated_Source\PSoC5 -Wa,-alh=.\CortexM3\ARM_GCC_541\Debug/LCD_PM.lst -g -Wall -ffunction-sections -ffat-lto-objects -O0 -c Generated_Source\PSoC5\LCD_PM.c -o .\CortexM3\ARM_GCC_541\Debug\LCD_PM.o
arm-none-eabi-gcc.exe -mcpu=cortex-m3 -mthumb -I. -IGenerated_Source\PSoC5 -Wa,-alh=.\CortexM3\ARM_GCC_541\Debug/Vin2.lst -g -Wall -ffunction-sections -ffat-lto-objects -O0 -c Generated_Source\PSoC5\Vin2.c -o .\CortexM3\ARM_GCC_541\Debug\Vin2.o
arm-none-eabi-gcc.exe -mcpu=cortex-m3 -mthumb -I. -IGenerated_Source\PSoC5 -Wa,-alh=.\CortexM3\ARM_GCC_541\Debug/EOCpin.lst -g -Wall -ffunction-sections -ffat-lto-objects -O0 -c Generated_Source\PSoC5\EOCpin.c -o .\CortexM3\ARM_GCC_541\Debug\EOCpin.o
arm-none-eabi-gcc.exe -mcpu=cortex-m3 -mthumb -I. -IGenerated_Source\PSoC5 -Wa,-alh=.\CortexM3\ARM_GCC_541\Debug/SOCpin.lst -g -Wall -ffunction-sections -ffat-lto-objects -O0 -c Generated_Source\PSoC5\SOCpin.c -o .\CortexM3\ARM_GCC_541\Debug\SOCpin.o
arm-none-eabi-gcc.exe -mcpu=cortex-m3 -mthumb -I. -IGenerated_Source\PSoC5 -Wa,-alh=.\CortexM3\ARM_GCC_541\Debug/Vin6.lst -g -Wall -ffunction-sections -ffat-lto-objects -O0 -c Generated_Source\PSoC5\Vin6.c -o .\CortexM3\ARM_GCC_541\Debug\Vin6.o
arm-none-eabi-gcc.exe -mcpu=cortex-m3 -mthumb -I. -IGenerated_Source\PSoC5 -Wa,-alh=.\CortexM3\ARM_GCC_541\Debug/DMA_1_dma.lst -g -Wall -ffunction-sections -ffat-lto-objects -O0 -c Generated_Source\PSoC5\DMA_1_dma.c -o .\CortexM3\ARM_GCC_541\Debug\DMA_1_dma.o
arm-none-eabi-gcc.exe -mcpu=cortex-m3 -mthumb -I. -IGenerated_Source\PSoC5 -Wa,-alh=.\CortexM3\ARM_GCC_541\Debug/Count0.lst -g -Wall -ffunction-sections -ffat-lto-objects -O0 -c Generated_Source\PSoC5\Count0.c -o .\CortexM3\ARM_GCC_541\Debug\Count0.o
arm-none-eabi-gcc.exe -mcpu=cortex-m3 -mthumb -I. -IGenerated_Source\PSoC5 -Wa,-alh=.\CortexM3\ARM_GCC_541\Debug/ChannelSelect.lst -g -Wall -ffunction-sections -ffat-lto-objects -O0 -c Generated_Source\PSoC5\ChannelSelect.c -o .\CortexM3\ARM_GCC_541\Debug\ChannelSelect.o
arm-none-eabi-gcc.exe -mcpu=cortex-m3 -mthumb -I. -IGenerated_Source\PSoC5 -Wa,-alh=.\CortexM3\ARM_GCC_541\Debug/Vin5.lst -g -Wall -ffunction-sections -ffat-lto-objects -O0 -c Generated_Source\PSoC5\Vin5.c -o .\CortexM3\ARM_GCC_541\Debug\Vin5.o
arm-none-eabi-gcc.exe -mcpu=cortex-m3 -mthumb -I. -IGenerated_Source\PSoC5 -Wa,-alh=.\CortexM3\ARM_GCC_541\Debug/Vin4.lst -g -Wall -ffunction-sections -ffat-lto-objects -O0 -c Generated_Source\PSoC5\Vin4.c -o .\CortexM3\ARM_GCC_541\Debug\Vin4.o
arm-none-eabi-gcc.exe -mcpu=cortex-m3 -mthumb -I. -IGenerated_Source\PSoC5 -Wa,-alh=.\CortexM3\ARM_GCC_541\Debug/Vin3.lst -g -Wall -ffunction-sections -ffat-lto-objects -O0 -c Generated_Source\PSoC5\Vin3.c -o .\CortexM3\ARM_GCC_541\Debug\Vin3.o
arm-none-eabi-gcc.exe -mcpu=cortex-m3 -mthumb -I. -IGenerated_Source\PSoC5 -Wa,-alh=.\CortexM3\ARM_GCC_541\Debug/Vin7.lst -g -Wall -ffunction-sections -ffat-lto-objects -O0 -c Generated_Source\PSoC5\Vin7.c -o .\CortexM3\ARM_GCC_541\Debug\Vin7.o
arm-none-eabi-gcc.exe -mcpu=cortex-m3 -mthumb -I. -IGenerated_Source\PSoC5 -Wa,-alh=.\CortexM3\ARM_GCC_541\Debug/Vin8.lst -g -Wall -ffunction-sections -ffat-lto-objects -O0 -c Generated_Source\PSoC5\Vin8.c -o .\CortexM3\ARM_GCC_541\Debug\Vin8.o
arm-none-eabi-gcc.exe -mcpu=cortex-m3 -mthumb -I. -IGenerated_Source\PSoC5 -Wa,-alh=.\CortexM3\ARM_GCC_541\Debug/Vin9.lst -g -Wall -ffunction-sections -ffat-lto-objects -O0 -c Generated_Source\PSoC5\Vin9.c -o .\CortexM3\ARM_GCC_541\Debug\Vin9.o
arm-none-eabi-gcc.exe -mcpu=cortex-m3 -mthumb -I. -IGenerated_Source\PSoC5 -Wa,-alh=.\CortexM3\ARM_GCC_541\Debug/VinA.lst -g -Wall -ffunction-sections -ffat-lto-objects -O0 -c Generated_Source\PSoC5\VinA.c -o .\CortexM3\ARM_GCC_541\Debug\VinA.o
arm-none-eabi-gcc.exe -mcpu=cortex-m3 -mthumb -I. -IGenerated_Source\PSoC5 -Wa,-alh=.\CortexM3\ARM_GCC_541\Debug/VinB.lst -g -Wall -ffunction-sections -ffat-lto-objects -O0 -c Generated_Source\PSoC5\VinB.c -o .\CortexM3\ARM_GCC_541\Debug\VinB.o
arm-none-eabi-gcc.exe -mcpu=cortex-m3 -mthumb -I. -IGenerated_Source\PSoC5 -Wa,-alh=.\CortexM3\ARM_GCC_541\Debug/VinC.lst -g -Wall -ffunction-sections -ffat-lto-objects -O0 -c Generated_Source\PSoC5\VinC.c -o .\CortexM3\ARM_GCC_541\Debug\VinC.o
arm-none-eabi-gcc.exe -mcpu=cortex-m3 -mthumb -I. -IGenerated_Source\PSoC5 -Wa,-alh=.\CortexM3\ARM_GCC_541\Debug/Delay_PWM.lst -g -Wall -ffunction-sections -ffat-lto-objects -O0 -c Generated_Source\PSoC5\Delay_PWM.c -o .\CortexM3\ARM_GCC_541\Debug\Delay_PWM.o
arm-none-eabi-gcc.exe -mcpu=cortex-m3 -mthumb -I. -IGenerated_Source\PSoC5 -Wa,-alh=.\CortexM3\ARM_GCC_541\Debug/Delay_PWM_PM.lst -g -Wall -ffunction-sections -ffat-lto-objects -O0 -c Generated_Source\PSoC5\Delay_PWM_PM.c -o .\CortexM3\ARM_GCC_541\Debug\Delay_PWM_PM.o
arm-none-eabi-gcc.exe -mcpu=cortex-m3 -mthumb -I. -IGenerated_Source\PSoC5 -Wa,-alh=.\CortexM3\ARM_GCC_541\Debug/Count3.lst -g -Wall -ffunction-sections -ffat-lto-objects -O0 -c Generated_Source\PSoC5\Count3.c -o .\CortexM3\ARM_GCC_541\Debug\Count3.o
arm-none-eabi-gcc.exe -mcpu=cortex-m3 -mthumb -I. -IGenerated_Source\PSoC5 -Wa,-alh=.\CortexM3\ARM_GCC_541\Debug/Count2.lst -g -Wall -ffunction-sections -ffat-lto-objects -O0 -c Generated_Source\PSoC5\Count2.c -o .\CortexM3\ARM_GCC_541\Debug\Count2.o
arm-none-eabi-gcc.exe -mcpu=cortex-m3 -mthumb -I. -IGenerated_Source\PSoC5 -Wa,-alh=.\CortexM3\ARM_GCC_541\Debug/Count1.lst -g -Wall -ffunction-sections -ffat-lto-objects -O0 -c Generated_Source\PSoC5\Count1.c -o .\CortexM3\ARM_GCC_541\Debug\Count1.o
arm-none-eabi-gcc.exe -mcpu=cortex-m3 -mthumb -I. -IGenerated_Source\PSoC5 -Wa,-alh=.\CortexM3\ARM_GCC_541\Debug/Vin1.lst -g -Wall -ffunction-sections -ffat-lto-objects -O0 -c Generated_Source\PSoC5\Vin1.c -o .\CortexM3\ARM_GCC_541\Debug\Vin1.o
arm-none-eabi-gcc.exe -mcpu=cortex-m3 -mthumb -I. -IGenerated_Source\PSoC5 -Wa,-alh=.\CortexM3\ARM_GCC_541\Debug/VinD.lst -g -Wall -ffunction-sections -ffat-lto-objects -O0 -c Generated_Source\PSoC5\VinD.c -o .\CortexM3\ARM_GCC_541\Debug\VinD.o
arm-none-eabi-gcc.exe -mcpu=cortex-m3 -mthumb -I. -IGenerated_Source\PSoC5 -Wa,-alh=.\CortexM3\ARM_GCC_541\Debug/VinE.lst -g -Wall -ffunction-sections -ffat-lto-objects -O0 -c Generated_Source\PSoC5\VinE.c -o .\CortexM3\ARM_GCC_541\Debug\VinE.o
arm-none-eabi-gcc.exe -mcpu=cortex-m3 -mthumb -I. -IGenerated_Source\PSoC5 -Wa,-alh=.\CortexM3\ARM_GCC_541\Debug/VinF.lst -g -Wall -ffunction-sections -ffat-lto-objects -O0 -c Generated_Source\PSoC5\VinF.c -o .\CortexM3\ARM_GCC_541\Debug\VinF.o
arm-none-eabi-gcc.exe -mcpu=cortex-m3 -mthumb -I. -IGenerated_Source\PSoC5 -Wa,-alh=.\CortexM3\ARM_GCC_541\Debug/ADC.lst -g -Wall -ffunction-sections -ffat-lto-objects -O0 -c Generated_Source\PSoC5\ADC.c -o .\CortexM3\ARM_GCC_541\Debug\ADC.o
arm-none-eabi-gcc.exe -mcpu=cortex-m3 -mthumb -I. -IGenerated_Source\PSoC5 -Wa,-alh=.\CortexM3\ARM_GCC_541\Debug/ADC_PM.lst -g -Wall -ffunction-sections -ffat-lto-objects -O0 -c Generated_Source\PSoC5\ADC_PM.c -o .\CortexM3\ARM_GCC_541\Debug\ADC_PM.o
arm-none-eabi-gcc.exe -mcpu=cortex-m3 -mthumb -I. -IGenerated_Source\PSoC5 -Wa,-alh=.\CortexM3\ARM_GCC_541\Debug/ADC_INT.lst -g -Wall -ffunction-sections -ffat-lto-objects -O0 -c Generated_Source\PSoC5\ADC_INT.c -o .\CortexM3\ARM_GCC_541\Debug\ADC_INT.o
arm-none-eabi-gcc.exe -mcpu=cortex-m3 -mthumb -I. -IGenerated_Source\PSoC5 -Wa,-alh=.\CortexM3\ARM_GCC_541\Debug/LCD_LCDPort.lst -g -Wall -ffunction-sections -ffat-lto-objects -O0 -c Generated_Source\PSoC5\LCD_LCDPort.c -o .\CortexM3\ARM_GCC_541\Debug\LCD_LCDPort.o
arm-none-eabi-gcc.exe -mcpu=cortex-m3 -mthumb -I. -IGenerated_Source\PSoC5 -Wa,-alh=.\CortexM3\ARM_GCC_541\Debug/ADC_AMux.lst -g -Wall -ffunction-sections -ffat-lto-objects -O0 -c Generated_Source\PSoC5\ADC_AMux.c -o .\CortexM3\ARM_GCC_541\Debug\ADC_AMux.o
arm-none-eabi-gcc.exe -mcpu=cortex-m3 -mthumb -I. -IGenerated_Source\PSoC5 -Wa,-alh=.\CortexM3\ARM_GCC_541\Debug/ADC_Ext_CP_Clk.lst -g -Wall -ffunction-sections -ffat-lto-objects -O0 -c Generated_Source\PSoC5\ADC_Ext_CP_Clk.c -o .\CortexM3\ARM_GCC_541\Debug\ADC_Ext_CP_Clk.o
arm-none-eabi-gcc.exe -mcpu=cortex-m3 -mthumb -I. -IGenerated_Source\PSoC5 -Wa,-alh=.\CortexM3\ARM_GCC_541\Debug/ADC_IRQ.lst -g -Wall -ffunction-sections -ffat-lto-objects -O0 -c Generated_Source\PSoC5\ADC_IRQ.c -o .\CortexM3\ARM_GCC_541\Debug\ADC_IRQ.o
arm-none-eabi-gcc.exe -mcpu=cortex-m3 -mthumb -I. -IGenerated_Source\PSoC5 -Wa,-alh=.\CortexM3\ARM_GCC_541\Debug/ADC_theACLK.lst -g -Wall -ffunction-sections -ffat-lto-objects -O0 -c Generated_Source\PSoC5\ADC_theACLK.c -o .\CortexM3\ARM_GCC_541\Debug\ADC_theACLK.o
arm-none-eabi-gcc.exe -mcpu=cortex-m3 -mthumb -I. -IGenerated_Source\PSoC5 -Wa,-alh=.\CortexM3\ARM_GCC_541\Debug/Cm3Start.lst -g -Wall -ffunction-sections -ffat-lto-objects -O0 -c Generated_Source\PSoC5\Cm3Start.c -o .\CortexM3\ARM_GCC_541\Debug\Cm3Start.o
arm-none-eabi-gcc.exe -mcpu=cortex-m3 -mthumb -I. -IGenerated_Source\PSoC5 -Wa,-alh=.\CortexM3\ARM_GCC_541\Debug/CyDmac.lst -g -Wall -ffunction-sections -ffat-lto-objects -O0 -c Generated_Source\PSoC5\CyDmac.c -o .\CortexM3\ARM_GCC_541\Debug\CyDmac.o
arm-none-eabi-gcc.exe -mcpu=cortex-m3 -mthumb -I. -IGenerated_Source\PSoC5 -Wa,-alh=.\CortexM3\ARM_GCC_541\Debug/CyFlash.lst -g -Wall -ffunction-sections -ffat-lto-objects -O0 -c Generated_Source\PSoC5\CyFlash.c -o .\CortexM3\ARM_GCC_541\Debug\CyFlash.o
arm-none-eabi-gcc.exe -mcpu=cortex-m3 -mthumb -I. -IGenerated_Source\PSoC5 -Wa,-alh=.\CortexM3\ARM_GCC_541\Debug/CyLib.lst -g -Wall -ffunction-sections -ffat-lto-objects -O0 -c Generated_Source\PSoC5\CyLib.c -o .\CortexM3\ARM_GCC_541\Debug\CyLib.o
arm-none-eabi-gcc.exe -mcpu=cortex-m3 -mthumb -I. -IGenerated_Source\PSoC5 -Wa,-alh=.\CortexM3\ARM_GCC_541\Debug/cyPm.lst -g -Wall -ffunction-sections -ffat-lto-objects -O0 -c Generated_Source\PSoC5\cyPm.c -o .\CortexM3\ARM_GCC_541\Debug\cyPm.o
arm-none-eabi-gcc.exe -mcpu=cortex-m3 -mthumb -I. -IGenerated_Source\PSoC5 -Wa,-alh=.\CortexM3\ARM_GCC_541\Debug/CySpc.lst -g -Wall -ffunction-sections -ffat-lto-objects -O0 -c Generated_Source\PSoC5\CySpc.c -o .\CortexM3\ARM_GCC_541\Debug\CySpc.o
arm-none-eabi-gcc.exe -mcpu=cortex-m3 -mthumb -I. -IGenerated_Source\PSoC5 -Wa,-alh=.\CortexM3\ARM_GCC_541\Debug/cyutils.lst -g -Wall -ffunction-sections -ffat-lto-objects -O0 -c Generated_Source\PSoC5\cyutils.c -o .\CortexM3\ARM_GCC_541\Debug\cyutils.o
arm-none-eabi-gcc.exe -mcpu=cortex-m3 -mthumb -I. -IGenerated_Source\PSoC5 -Wa,-alh=.\CortexM3\ARM_GCC_541\Debug/cy_em_eeprom.lst -g -Wall -ffunction-sections -ffat-lto-objects -O0 -c Generated_Source\PSoC5\cy_em_eeprom.c -o .\CortexM3\ARM_GCC_541\Debug\cy_em_eeprom.o
arm-none-eabi-as.exe -mcpu=cortex-m3 -mthumb -I. -IGenerated_Source\PSoC5 -alh=.\CortexM3\ARM_GCC_541\Debug/CyBootAsmGnu.lst -g -o .\CortexM3\ARM_GCC_541\Debug\CyBootAsmGnu.o Generated_Source\PSoC5\CyBootAsmGnu.s
arm-none-eabi-ar.exe -rs .\CortexM3\ARM_GCC_541\Debug\DelSig_16Channel01.a .\CortexM3\ARM_GCC_541\Debug\Start_Reg.o .\CortexM3\ARM_GCC_541\Debug\Start_Reg_PM.o .\CortexM3\ARM_GCC_541\Debug\Vin0.o .\CortexM3\ARM_GCC_541\Debug\LCD.o .\CortexM3\ARM_GCC_541\Debug\LCD_PM.o .\CortexM3\ARM_GCC_541\Debug\Vin2.o .\CortexM3\ARM_GCC_541\Debug\EOCpin.o .\CortexM3\ARM_GCC_541\Debug\SOCpin.o .\CortexM3\ARM_GCC_541\Debug\Vin6.o .\CortexM3\ARM_GCC_541\Debug\DMA_1_dma.o .\CortexM3\ARM_GCC_541\Debug\Count0.o .\CortexM3\ARM_GCC_541\Debug\ChannelSelect.o .\CortexM3\ARM_GCC_541\Debug\Vin5.o .\CortexM3\ARM_GCC_541\Debug\Vin4.o .\CortexM3\ARM_GCC_541\Debug\Vin3.o .\CortexM3\ARM_GCC_541\Debug\Vin7.o .\CortexM3\ARM_GCC_541\Debug\Vin8.o .\CortexM3\ARM_GCC_541\Debug\Vin9.o .\CortexM3\ARM_GCC_541\Debug\VinA.o .\CortexM3\ARM_GCC_541\Debug\VinB.o .\CortexM3\ARM_GCC_541\Debug\VinC.o .\CortexM3\ARM_GCC_541\Debug\Delay_PWM.o .\CortexM3\ARM_GCC_541\Debug\Delay_PWM_PM.o .\CortexM3\ARM_GCC_541\Debug\Count3.o .\CortexM3\ARM_GCC_541\Debug\Count2.o .\CortexM3\ARM_GCC_541\Debug\Count1.o .\CortexM3\ARM_GCC_541\Debug\Vin1.o .\CortexM3\ARM_GCC_541\Debug\VinD.o .\CortexM3\ARM_GCC_541\Debug\VinE.o .\CortexM3\ARM_GCC_541\Debug\VinF.o .\CortexM3\ARM_GCC_541\Debug\ADC.o .\CortexM3\ARM_GCC_541\Debug\ADC_PM.o .\CortexM3\ARM_GCC_541\Debug\ADC_INT.o .\CortexM3\ARM_GCC_541\Debug\LCD_LCDPort.o .\CortexM3\ARM_GCC_541\Debug\ADC_AMux.o .\CortexM3\ARM_GCC_541\Debug\ADC_Ext_CP_Clk.o .\CortexM3\ARM_GCC_541\Debug\ADC_IRQ.o .\CortexM3\ARM_GCC_541\Debug\ADC_theACLK.o .\CortexM3\ARM_GCC_541\Debug\CyDmac.o .\CortexM3\ARM_GCC_541\Debug\CyFlash.o .\CortexM3\ARM_GCC_541\Debug\CyLib.o .\CortexM3\ARM_GCC_541\Debug\cyPm.o .\CortexM3\ARM_GCC_541\Debug\CySpc.o .\CortexM3\ARM_GCC_541\Debug\cyutils.o .\CortexM3\ARM_GCC_541\Debug\cy_em_eeprom.o .\CortexM3\ARM_GCC_541\Debug\CyBootAsmGnu.o
arm-none-eabi-ar.exe: creating .\CortexM3\ARM_GCC_541\Debug\DelSig_16Channel01.a
arm-none-eabi-gcc.exe -Wl,--start-group -o "D:\psoc codes\adc16\DelSig_16Channel01\DelSig_16Channel01.cydsn\CortexM3\ARM_GCC_541\Debug\DelSig_16Channel01.elf" .\CortexM3\ARM_GCC_541\Debug\main.o .\CortexM3\ARM_GCC_541\Debug\cyfitter_cfg.o .\CortexM3\ARM_GCC_541\Debug\cymetadata.o .\CortexM3\ARM_GCC_541\Debug\Cm3Start.o .\CortexM3\ARM_GCC_541\Debug\DelSig_16Channel01.a "C:\Program Files (x86)\Cypress\PSoC Creator\4.4\PSoC Creator\psoc\content\cycomponentlibrary\CyComponentLibrary.cylib\CortexM3\ARM_GCC_541\Debug\CyComponentLibrary.a" -mcpu=cortex-m3 -mthumb -L Generated_Source\PSoC5 -Wl,-Map,.\CortexM3\ARM_GCC_541\Debug/DelSig_16Channel01.map -T Generated_Source\PSoC5\cm3gcc.ld -specs=nano.specs -Wl,--gc-sections -g -ffunction-sections -O0 -ffat-lto-objects -Wl,--end-group
cyelftool.exe -C "D:\psoc codes\adc16\DelSig_16Channel01\DelSig_16Channel01.cydsn\CortexM3\ARM_GCC_541\Debug\DelSig_16Channel01.elf" --flash_row_size 256 --flash_size 262144 --flash_offset 0x00000000
No ELF section .cychecksum found, creating one
Application checksum calculated and stored in ELF section .cychecksum
Checksum calculated and stored in ELF section .cymeta
cyelftool.exe -S "D:\psoc codes\adc16\DelSig_16Channel01\DelSig_16Channel01.cydsn\CortexM3\ARM_GCC_541\Debug\DelSig_16Channel01.elf"
Flash used: 8158 of 262144 bytes (3,1 %).
SRAM used: 2597 of 65536 bytes (4,0 %). Stack: 2048 bytes. Heap: 128 bytes.
--------------- Build Succeeded: 01/07/2022 02:12:01 ---------------
