ARM GAS  C:\Users\angel\AppData\Local\Temp\ccyYX0Jt.s 			page 1


   1              		.syntax unified
   2              		.cpu cortex-m3
   3              		.fpu softvfp
   4              		.eabi_attribute 20, 1
   5              		.eabi_attribute 21, 1
   6              		.eabi_attribute 23, 3
   7              		.eabi_attribute 24, 1
   8              		.eabi_attribute 25, 1
   9              		.eabi_attribute 26, 1
  10              		.eabi_attribute 30, 1
  11              		.eabi_attribute 34, 1
  12              		.eabi_attribute 18, 4
  13              		.thumb
  14              		.syntax unified
  15              		.file	"main.c"
  16              		.text
  17              	.Ltext0:
  18              		.cfi_sections	.debug_frame
  19              		.section	.text.cambio,"ax",%progbits
  20              		.align	2
  21              		.global	cambio
  22              		.thumb
  23              		.thumb_func
  24              		.type	cambio, %function
  25              	cambio:
  26              	.LFB63:
  27              		.file 1 "main.c"
   1:main.c        **** #include "project.h"
   2:main.c        **** 
   3:main.c        **** CY_ISR(cambio)
   4:main.c        **** {        
  28              		.loc 1 4 0
  29              		.cfi_startproc
  30              		@ args = 0, pretend = 0, frame = 0
  31              		@ frame_needed = 0, uses_anonymous_args = 0
  32 0000 08B5     		push	{r3, lr}
  33              		.cfi_def_cfa_offset 8
  34              		.cfi_offset 3, -8
  35              		.cfi_offset 14, -4
   5:main.c        ****     Boton_ClearInterrupt();
  36              		.loc 1 5 0
  37 0002 FFF7FEFF 		bl	Boton_ClearInterrupt
  38              	.LVL0:
   6:main.c        ****     LED_Write(~LED_Read());
  39              		.loc 1 6 0
  40 0006 FFF7FEFF 		bl	LED_Read
  41              	.LVL1:
  42 000a C043     		mvns	r0, r0
  43 000c C0B2     		uxtb	r0, r0
  44 000e FFF7FEFF 		bl	LED_Write
  45              	.LVL2:
  46 0012 08BD     		pop	{r3, pc}
  47              		.cfi_endproc
  48              	.LFE63:
  49              		.size	cambio, .-cambio
  50              		.section	.text.main,"ax",%progbits
  51              		.align	2
ARM GAS  C:\Users\angel\AppData\Local\Temp\ccyYX0Jt.s 			page 2


  52              		.global	main
  53              		.thumb
  54              		.thumb_func
  55              		.type	main, %function
  56              	main:
  57              	.LFB64:
   7:main.c        **** }
   8:main.c        **** 
   9:main.c        **** CY_ISR_PROTO(cambio);
  10:main.c        **** 
  11:main.c        **** int main(void)
  12:main.c        **** {
  58              		.loc 1 12 0
  59              		.cfi_startproc
  60              		@ Volatile: function does not return.
  61              		@ args = 0, pretend = 0, frame = 0
  62              		@ frame_needed = 0, uses_anonymous_args = 0
  63 0000 08B5     		push	{r3, lr}
  64              		.cfi_def_cfa_offset 8
  65              		.cfi_offset 3, -8
  66              		.cfi_offset 14, -4
  13:main.c        ****     CyGlobalIntEnable; 
  67              		.loc 1 13 0
  68              		.syntax unified
  69              	@ 13 "main.c" 1
  70 0002 62B6     		CPSIE   i
  71              	@ 0 "" 2
  14:main.c        ****     isr_btn_StartEx(cambio);
  72              		.loc 1 14 0
  73              		.thumb
  74              		.syntax unified
  75 0004 0148     		ldr	r0, .L6
  76 0006 FFF7FEFF 		bl	isr_btn_StartEx
  77              	.LVL3:
  78              	.L4:
  79 000a FEE7     		b	.L4
  80              	.L7:
  81              		.align	2
  82              	.L6:
  83 000c 00000000 		.word	cambio
  84              		.cfi_endproc
  85              	.LFE64:
  86              		.size	main, .-main
  87              		.text
  88              	.Letext0:
  89              		.file 2 "c:\\program files (x86)\\cypress\\psoc creator\\4.3\\psoc creator\\import\\gnu\\arm\\5.4.
  90              		.file 3 "c:\\program files (x86)\\cypress\\psoc creator\\4.3\\psoc creator\\import\\gnu\\arm\\5.4.
  91              		.file 4 "Generated_Source\\PSoC5/Boton.h"
  92              		.file 5 "Generated_Source\\PSoC5/LED.h"
  93              		.file 6 "Generated_Source\\PSoC5/isr_btn.h"
  94              		.file 7 "Generated_Source\\PSoC5/core_cm3.h"
  95              		.section	.debug_info,"",%progbits
  96              	.Ldebug_info0:
  97 0000 3C010000 		.4byte	0x13c
  98 0004 0400     		.2byte	0x4
  99 0006 00000000 		.4byte	.Ldebug_abbrev0
 100 000a 04       		.byte	0x4
ARM GAS  C:\Users\angel\AppData\Local\Temp\ccyYX0Jt.s 			page 3


 101 000b 01       		.uleb128 0x1
 102 000c 41000000 		.4byte	.LASF20
 103 0010 0C       		.byte	0xc
 104 0011 2E000000 		.4byte	.LASF21
 105 0015 53010000 		.4byte	.LASF22
 106 0019 00000000 		.4byte	.Ldebug_ranges0+0
 107 001d 00000000 		.4byte	0
 108 0021 00000000 		.4byte	.Ldebug_line0
 109 0025 02       		.uleb128 0x2
 110 0026 01       		.byte	0x1
 111 0027 06       		.byte	0x6
 112 0028 B1010000 		.4byte	.LASF0
 113 002c 02       		.uleb128 0x2
 114 002d 01       		.byte	0x1
 115 002e 08       		.byte	0x8
 116 002f 30010000 		.4byte	.LASF1
 117 0033 02       		.uleb128 0x2
 118 0034 02       		.byte	0x2
 119 0035 05       		.byte	0x5
 120 0036 D9010000 		.4byte	.LASF2
 121 003a 02       		.uleb128 0x2
 122 003b 02       		.byte	0x2
 123 003c 07       		.byte	0x7
 124 003d 0E000000 		.4byte	.LASF3
 125 0041 03       		.uleb128 0x3
 126 0042 C9010000 		.4byte	.LASF9
 127 0046 02       		.byte	0x2
 128 0047 3F       		.byte	0x3f
 129 0048 4C000000 		.4byte	0x4c
 130 004c 02       		.uleb128 0x2
 131 004d 04       		.byte	0x4
 132 004e 05       		.byte	0x5
 133 004f 43010000 		.4byte	.LASF4
 134 0053 02       		.uleb128 0x2
 135 0054 04       		.byte	0x4
 136 0055 07       		.byte	0x7
 137 0056 D9000000 		.4byte	.LASF5
 138 005a 02       		.uleb128 0x2
 139 005b 08       		.byte	0x8
 140 005c 05       		.byte	0x5
 141 005d 00000000 		.4byte	.LASF6
 142 0061 02       		.uleb128 0x2
 143 0062 08       		.byte	0x8
 144 0063 07       		.byte	0x7
 145 0064 EB000000 		.4byte	.LASF7
 146 0068 04       		.uleb128 0x4
 147 0069 04       		.byte	0x4
 148 006a 05       		.byte	0x5
 149 006b 696E7400 		.ascii	"int\000"
 150 006f 02       		.uleb128 0x2
 151 0070 04       		.byte	0x4
 152 0071 07       		.byte	0x7
 153 0072 21000000 		.4byte	.LASF8
 154 0076 03       		.uleb128 0x3
 155 0077 E3010000 		.4byte	.LASF10
 156 007b 03       		.byte	0x3
 157 007c 2C       		.byte	0x2c
ARM GAS  C:\Users\angel\AppData\Local\Temp\ccyYX0Jt.s 			page 4


 158 007d 41000000 		.4byte	0x41
 159 0081 02       		.uleb128 0x2
 160 0082 04       		.byte	0x4
 161 0083 04       		.byte	0x4
 162 0084 D3010000 		.4byte	.LASF11
 163 0088 02       		.uleb128 0x2
 164 0089 08       		.byte	0x8
 165 008a 04       		.byte	0x4
 166 008b 4C010000 		.4byte	.LASF12
 167 008f 02       		.uleb128 0x2
 168 0090 01       		.byte	0x1
 169 0091 08       		.byte	0x8
 170 0092 3E010000 		.4byte	.LASF13
 171 0096 02       		.uleb128 0x2
 172 0097 04       		.byte	0x4
 173 0098 07       		.byte	0x7
 174 0099 EB010000 		.4byte	.LASF14
 175 009d 02       		.uleb128 0x2
 176 009e 08       		.byte	0x8
 177 009f 04       		.byte	0x4
 178 00a0 BD010000 		.4byte	.LASF15
 179 00a4 05       		.uleb128 0x5
 180 00a5 3A000000 		.4byte	.LASF23
 181 00a9 01       		.byte	0x1
 182 00aa 03       		.byte	0x3
 183 00ab 00000000 		.4byte	.LFB63
 184 00af 14000000 		.4byte	.LFE63-.LFB63
 185 00b3 01       		.uleb128 0x1
 186 00b4 9C       		.byte	0x9c
 187 00b5 D5000000 		.4byte	0xd5
 188 00b9 06       		.uleb128 0x6
 189 00ba 06000000 		.4byte	.LVL0
 190 00be 13010000 		.4byte	0x113
 191 00c2 06       		.uleb128 0x6
 192 00c3 0A000000 		.4byte	.LVL1
 193 00c7 1E010000 		.4byte	0x11e
 194 00cb 06       		.uleb128 0x6
 195 00cc 12000000 		.4byte	.LVL2
 196 00d0 29010000 		.4byte	0x129
 197 00d4 00       		.byte	0
 198 00d5 07       		.uleb128 0x7
 199 00d6 35000000 		.4byte	.LASF24
 200 00da 01       		.byte	0x1
 201 00db 0B       		.byte	0xb
 202 00dc 68000000 		.4byte	0x68
 203 00e0 00000000 		.4byte	.LFB64
 204 00e4 10000000 		.4byte	.LFE64-.LFB64
 205 00e8 01       		.uleb128 0x1
 206 00e9 9C       		.byte	0x9c
 207 00ea 02010000 		.4byte	0x102
 208 00ee 08       		.uleb128 0x8
 209 00ef 0A000000 		.4byte	.LVL3
 210 00f3 34010000 		.4byte	0x134
 211 00f7 09       		.uleb128 0x9
 212 00f8 01       		.uleb128 0x1
 213 00f9 50       		.byte	0x50
 214 00fa 05       		.uleb128 0x5
ARM GAS  C:\Users\angel\AppData\Local\Temp\ccyYX0Jt.s 			page 5


 215 00fb 03       		.byte	0x3
 216 00fc 00000000 		.4byte	cambio
 217 0100 00       		.byte	0
 218 0101 00       		.byte	0
 219 0102 0A       		.uleb128 0xa
 220 0103 A4010000 		.4byte	.LASF25
 221 0107 07       		.byte	0x7
 222 0108 1207     		.2byte	0x712
 223 010a 0E010000 		.4byte	0x10e
 224 010e 0B       		.uleb128 0xb
 225 010f 76000000 		.4byte	0x76
 226 0113 0C       		.uleb128 0xc
 227 0114 1B010000 		.4byte	.LASF16
 228 0118 1B010000 		.4byte	.LASF16
 229 011c 04       		.byte	0x4
 230 011d 2B       		.byte	0x2b
 231 011e 0C       		.uleb128 0xc
 232 011f 02010000 		.4byte	.LASF17
 233 0123 02010000 		.4byte	.LASF17
 234 0127 05       		.byte	0x5
 235 0128 29       		.byte	0x29
 236 0129 0C       		.uleb128 0xc
 237 012a CF000000 		.4byte	.LASF18
 238 012e CF000000 		.4byte	.LASF18
 239 0132 05       		.byte	0x5
 240 0133 26       		.byte	0x26
 241 0134 0C       		.uleb128 0xc
 242 0135 0B010000 		.4byte	.LASF19
 243 0139 0B010000 		.4byte	.LASF19
 244 013d 06       		.byte	0x6
 245 013e 18       		.byte	0x18
 246 013f 00       		.byte	0
 247              		.section	.debug_abbrev,"",%progbits
 248              	.Ldebug_abbrev0:
 249 0000 01       		.uleb128 0x1
 250 0001 11       		.uleb128 0x11
 251 0002 01       		.byte	0x1
 252 0003 25       		.uleb128 0x25
 253 0004 0E       		.uleb128 0xe
 254 0005 13       		.uleb128 0x13
 255 0006 0B       		.uleb128 0xb
 256 0007 03       		.uleb128 0x3
 257 0008 0E       		.uleb128 0xe
 258 0009 1B       		.uleb128 0x1b
 259 000a 0E       		.uleb128 0xe
 260 000b 55       		.uleb128 0x55
 261 000c 17       		.uleb128 0x17
 262 000d 11       		.uleb128 0x11
 263 000e 01       		.uleb128 0x1
 264 000f 10       		.uleb128 0x10
 265 0010 17       		.uleb128 0x17
 266 0011 00       		.byte	0
 267 0012 00       		.byte	0
 268 0013 02       		.uleb128 0x2
 269 0014 24       		.uleb128 0x24
 270 0015 00       		.byte	0
 271 0016 0B       		.uleb128 0xb
ARM GAS  C:\Users\angel\AppData\Local\Temp\ccyYX0Jt.s 			page 6


 272 0017 0B       		.uleb128 0xb
 273 0018 3E       		.uleb128 0x3e
 274 0019 0B       		.uleb128 0xb
 275 001a 03       		.uleb128 0x3
 276 001b 0E       		.uleb128 0xe
 277 001c 00       		.byte	0
 278 001d 00       		.byte	0
 279 001e 03       		.uleb128 0x3
 280 001f 16       		.uleb128 0x16
 281 0020 00       		.byte	0
 282 0021 03       		.uleb128 0x3
 283 0022 0E       		.uleb128 0xe
 284 0023 3A       		.uleb128 0x3a
 285 0024 0B       		.uleb128 0xb
 286 0025 3B       		.uleb128 0x3b
 287 0026 0B       		.uleb128 0xb
 288 0027 49       		.uleb128 0x49
 289 0028 13       		.uleb128 0x13
 290 0029 00       		.byte	0
 291 002a 00       		.byte	0
 292 002b 04       		.uleb128 0x4
 293 002c 24       		.uleb128 0x24
 294 002d 00       		.byte	0
 295 002e 0B       		.uleb128 0xb
 296 002f 0B       		.uleb128 0xb
 297 0030 3E       		.uleb128 0x3e
 298 0031 0B       		.uleb128 0xb
 299 0032 03       		.uleb128 0x3
 300 0033 08       		.uleb128 0x8
 301 0034 00       		.byte	0
 302 0035 00       		.byte	0
 303 0036 05       		.uleb128 0x5
 304 0037 2E       		.uleb128 0x2e
 305 0038 01       		.byte	0x1
 306 0039 3F       		.uleb128 0x3f
 307 003a 19       		.uleb128 0x19
 308 003b 03       		.uleb128 0x3
 309 003c 0E       		.uleb128 0xe
 310 003d 3A       		.uleb128 0x3a
 311 003e 0B       		.uleb128 0xb
 312 003f 3B       		.uleb128 0x3b
 313 0040 0B       		.uleb128 0xb
 314 0041 27       		.uleb128 0x27
 315 0042 19       		.uleb128 0x19
 316 0043 11       		.uleb128 0x11
 317 0044 01       		.uleb128 0x1
 318 0045 12       		.uleb128 0x12
 319 0046 06       		.uleb128 0x6
 320 0047 40       		.uleb128 0x40
 321 0048 18       		.uleb128 0x18
 322 0049 9742     		.uleb128 0x2117
 323 004b 19       		.uleb128 0x19
 324 004c 01       		.uleb128 0x1
 325 004d 13       		.uleb128 0x13
 326 004e 00       		.byte	0
 327 004f 00       		.byte	0
 328 0050 06       		.uleb128 0x6
ARM GAS  C:\Users\angel\AppData\Local\Temp\ccyYX0Jt.s 			page 7


 329 0051 898201   		.uleb128 0x4109
 330 0054 00       		.byte	0
 331 0055 11       		.uleb128 0x11
 332 0056 01       		.uleb128 0x1
 333 0057 31       		.uleb128 0x31
 334 0058 13       		.uleb128 0x13
 335 0059 00       		.byte	0
 336 005a 00       		.byte	0
 337 005b 07       		.uleb128 0x7
 338 005c 2E       		.uleb128 0x2e
 339 005d 01       		.byte	0x1
 340 005e 3F       		.uleb128 0x3f
 341 005f 19       		.uleb128 0x19
 342 0060 03       		.uleb128 0x3
 343 0061 0E       		.uleb128 0xe
 344 0062 3A       		.uleb128 0x3a
 345 0063 0B       		.uleb128 0xb
 346 0064 3B       		.uleb128 0x3b
 347 0065 0B       		.uleb128 0xb
 348 0066 27       		.uleb128 0x27
 349 0067 19       		.uleb128 0x19
 350 0068 49       		.uleb128 0x49
 351 0069 13       		.uleb128 0x13
 352 006a 8701     		.uleb128 0x87
 353 006c 19       		.uleb128 0x19
 354 006d 11       		.uleb128 0x11
 355 006e 01       		.uleb128 0x1
 356 006f 12       		.uleb128 0x12
 357 0070 06       		.uleb128 0x6
 358 0071 40       		.uleb128 0x40
 359 0072 18       		.uleb128 0x18
 360 0073 9742     		.uleb128 0x2117
 361 0075 19       		.uleb128 0x19
 362 0076 01       		.uleb128 0x1
 363 0077 13       		.uleb128 0x13
 364 0078 00       		.byte	0
 365 0079 00       		.byte	0
 366 007a 08       		.uleb128 0x8
 367 007b 898201   		.uleb128 0x4109
 368 007e 01       		.byte	0x1
 369 007f 11       		.uleb128 0x11
 370 0080 01       		.uleb128 0x1
 371 0081 31       		.uleb128 0x31
 372 0082 13       		.uleb128 0x13
 373 0083 00       		.byte	0
 374 0084 00       		.byte	0
 375 0085 09       		.uleb128 0x9
 376 0086 8A8201   		.uleb128 0x410a
 377 0089 00       		.byte	0
 378 008a 02       		.uleb128 0x2
 379 008b 18       		.uleb128 0x18
 380 008c 9142     		.uleb128 0x2111
 381 008e 18       		.uleb128 0x18
 382 008f 00       		.byte	0
 383 0090 00       		.byte	0
 384 0091 0A       		.uleb128 0xa
 385 0092 34       		.uleb128 0x34
ARM GAS  C:\Users\angel\AppData\Local\Temp\ccyYX0Jt.s 			page 8


 386 0093 00       		.byte	0
 387 0094 03       		.uleb128 0x3
 388 0095 0E       		.uleb128 0xe
 389 0096 3A       		.uleb128 0x3a
 390 0097 0B       		.uleb128 0xb
 391 0098 3B       		.uleb128 0x3b
 392 0099 05       		.uleb128 0x5
 393 009a 49       		.uleb128 0x49
 394 009b 13       		.uleb128 0x13
 395 009c 3F       		.uleb128 0x3f
 396 009d 19       		.uleb128 0x19
 397 009e 3C       		.uleb128 0x3c
 398 009f 19       		.uleb128 0x19
 399 00a0 00       		.byte	0
 400 00a1 00       		.byte	0
 401 00a2 0B       		.uleb128 0xb
 402 00a3 35       		.uleb128 0x35
 403 00a4 00       		.byte	0
 404 00a5 49       		.uleb128 0x49
 405 00a6 13       		.uleb128 0x13
 406 00a7 00       		.byte	0
 407 00a8 00       		.byte	0
 408 00a9 0C       		.uleb128 0xc
 409 00aa 2E       		.uleb128 0x2e
 410 00ab 00       		.byte	0
 411 00ac 3F       		.uleb128 0x3f
 412 00ad 19       		.uleb128 0x19
 413 00ae 3C       		.uleb128 0x3c
 414 00af 19       		.uleb128 0x19
 415 00b0 6E       		.uleb128 0x6e
 416 00b1 0E       		.uleb128 0xe
 417 00b2 03       		.uleb128 0x3
 418 00b3 0E       		.uleb128 0xe
 419 00b4 3A       		.uleb128 0x3a
 420 00b5 0B       		.uleb128 0xb
 421 00b6 3B       		.uleb128 0x3b
 422 00b7 0B       		.uleb128 0xb
 423 00b8 00       		.byte	0
 424 00b9 00       		.byte	0
 425 00ba 00       		.byte	0
 426              		.section	.debug_aranges,"",%progbits
 427 0000 24000000 		.4byte	0x24
 428 0004 0200     		.2byte	0x2
 429 0006 00000000 		.4byte	.Ldebug_info0
 430 000a 04       		.byte	0x4
 431 000b 00       		.byte	0
 432 000c 0000     		.2byte	0
 433 000e 0000     		.2byte	0
 434 0010 00000000 		.4byte	.LFB63
 435 0014 14000000 		.4byte	.LFE63-.LFB63
 436 0018 00000000 		.4byte	.LFB64
 437 001c 10000000 		.4byte	.LFE64-.LFB64
 438 0020 00000000 		.4byte	0
 439 0024 00000000 		.4byte	0
 440              		.section	.debug_ranges,"",%progbits
 441              	.Ldebug_ranges0:
 442 0000 00000000 		.4byte	.LFB63
ARM GAS  C:\Users\angel\AppData\Local\Temp\ccyYX0Jt.s 			page 9


 443 0004 14000000 		.4byte	.LFE63
 444 0008 00000000 		.4byte	.LFB64
 445 000c 10000000 		.4byte	.LFE64
 446 0010 00000000 		.4byte	0
 447 0014 00000000 		.4byte	0
 448              		.section	.debug_line,"",%progbits
 449              	.Ldebug_line0:
 450 0000 86010000 		.section	.debug_str,"MS",%progbits,1
 450      02006001 
 450      00000201 
 450      FB0E0D00 
 450      01010101 
 451              	.LASF6:
 452 0000 6C6F6E67 		.ascii	"long long int\000"
 452      206C6F6E 
 452      6720696E 
 452      7400
 453              	.LASF3:
 454 000e 73686F72 		.ascii	"short unsigned int\000"
 454      7420756E 
 454      7369676E 
 454      65642069 
 454      6E7400
 455              	.LASF8:
 456 0021 756E7369 		.ascii	"unsigned int\000"
 456      676E6564 
 456      20696E74 
 456      00
 457              	.LASF21:
 458 002e 6D61696E 		.ascii	"main.c\000"
 458      2E6300
 459              	.LASF24:
 460 0035 6D61696E 		.ascii	"main\000"
 460      00
 461              	.LASF23:
 462 003a 63616D62 		.ascii	"cambio\000"
 462      696F00
 463              	.LASF20:
 464 0041 474E5520 		.ascii	"GNU C11 5.4.1 20160609 (release) [ARM/embedded-5-br"
 464      43313120 
 464      352E342E 
 464      31203230 
 464      31363036 
 465 0074 616E6368 		.ascii	"anch revision 237715] -mcpu=cortex-m3 -mthumb -g -O"
 465      20726576 
 465      6973696F 
 465      6E203233 
 465      37373135 
 466 00a7 67202D66 		.ascii	"g -ffunction-sections -ffat-lto-objects\000"
 466      66756E63 
 466      74696F6E 
 466      2D736563 
 466      74696F6E 
 467              	.LASF18:
 468 00cf 4C45445F 		.ascii	"LED_Write\000"
 468      57726974 
 468      6500
ARM GAS  C:\Users\angel\AppData\Local\Temp\ccyYX0Jt.s 			page 10


 469              	.LASF5:
 470 00d9 6C6F6E67 		.ascii	"long unsigned int\000"
 470      20756E73 
 470      69676E65 
 470      6420696E 
 470      7400
 471              	.LASF7:
 472 00eb 6C6F6E67 		.ascii	"long long unsigned int\000"
 472      206C6F6E 
 472      6720756E 
 472      7369676E 
 472      65642069 
 473              	.LASF17:
 474 0102 4C45445F 		.ascii	"LED_Read\000"
 474      52656164 
 474      00
 475              	.LASF19:
 476 010b 6973725F 		.ascii	"isr_btn_StartEx\000"
 476      62746E5F 
 476      53746172 
 476      74457800 
 477              	.LASF16:
 478 011b 426F746F 		.ascii	"Boton_ClearInterrupt\000"
 478      6E5F436C 
 478      65617249 
 478      6E746572 
 478      72757074 
 479              	.LASF1:
 480 0130 756E7369 		.ascii	"unsigned char\000"
 480      676E6564 
 480      20636861 
 480      7200
 481              	.LASF13:
 482 013e 63686172 		.ascii	"char\000"
 482      00
 483              	.LASF4:
 484 0143 6C6F6E67 		.ascii	"long int\000"
 484      20696E74 
 484      00
 485              	.LASF12:
 486 014c 646F7562 		.ascii	"double\000"
 486      6C6500
 487              	.LASF22:
 488 0153 433A5C55 		.ascii	"C:\\Users\\angel\\Documents\\PSoC Creator\\Boton_So"
 488      73657273 
 488      5C616E67 
 488      656C5C44 
 488      6F63756D 
 489 0181 66747761 		.ascii	"ftwareBueno\\Boton_Software_2.cydsn\000"
 489      72654275 
 489      656E6F5C 
 489      426F746F 
 489      6E5F536F 
 490              	.LASF25:
 491 01a4 49544D5F 		.ascii	"ITM_RxBuffer\000"
 491      52784275 
 491      66666572 
ARM GAS  C:\Users\angel\AppData\Local\Temp\ccyYX0Jt.s 			page 11


 491      00
 492              	.LASF0:
 493 01b1 7369676E 		.ascii	"signed char\000"
 493      65642063 
 493      68617200 
 494              	.LASF15:
 495 01bd 6C6F6E67 		.ascii	"long double\000"
 495      20646F75 
 495      626C6500 
 496              	.LASF9:
 497 01c9 5F5F696E 		.ascii	"__int32_t\000"
 497      7433325F 
 497      7400
 498              	.LASF11:
 499 01d3 666C6F61 		.ascii	"float\000"
 499      7400
 500              	.LASF2:
 501 01d9 73686F72 		.ascii	"short int\000"
 501      7420696E 
 501      7400
 502              	.LASF10:
 503 01e3 696E7433 		.ascii	"int32_t\000"
 503      325F7400 
 504              	.LASF14:
 505 01eb 73697A65 		.ascii	"sizetype\000"
 505      74797065 
 505      00
 506              		.ident	"GCC: (GNU Tools for ARM Embedded Processors) 5.4.1 20160609 (release) [ARM/embedded-5-bran
