ARM GAS  C:\Users\thetr\AppData\Local\Temp\ccRq851d.s 			page 1


   1              		.syntax unified
   2              		.cpu cortex-m3
   3              		.fpu softvfp
   4              		.eabi_attribute 20, 1
   5              		.eabi_attribute 21, 1
   6              		.eabi_attribute 23, 3
   7              		.eabi_attribute 24, 1
   8              		.eabi_attribute 25, 1
   9              		.eabi_attribute 26, 1
  10              		.eabi_attribute 30, 1
  11              		.eabi_attribute 34, 1
  12              		.eabi_attribute 18, 4
  13              		.thumb
  14              		.file	"cymetadata.c"
  15              		.text
  16              	.Ltext0:
  17              		.cfi_sections	.debug_frame
  18              		.global	cy_metadata
  19              		.global	cy_meta_flashprotect
  20              		.global	cy_meta_wonvl
  21              		.global	cy_meta_custnvl
  22              		.global	cy_meta_configecc
  23              		.section	.cyconfigecc,"a",%progbits
  24              		.align	2
  25              		.type	cy_meta_configecc, %object
  26              		.size	cy_meta_configecc, 1280
  27              	cy_meta_configecc:
  28 0000 04       		.byte	4
  29 0001 52       		.byte	82
  30 0002 00       		.byte	0
  31 0003 40       		.byte	64
  32 0004 01       		.byte	1
  33 0005 64       		.byte	100
  34 0006 00       		.byte	0
  35 0007 40       		.byte	64
  36 0008 03       		.byte	3
  37 0009 65       		.byte	101
  38 000a 00       		.byte	0
  39 000b 40       		.byte	64
  40 000c 01       		.byte	1
  41 000d 07       		.byte	7
  42 000e 01       		.byte	1
  43 000f 40       		.byte	64
  44 0010 51       		.byte	81
  45 0011 08       		.byte	8
  46 0012 01       		.byte	1
  47 0013 40       		.byte	64
  48 0014 39       		.byte	57
  49 0015 09       		.byte	9
  50 0016 01       		.byte	1
  51 0017 40       		.byte	64
  52 0018 02       		.byte	2
  53 0019 0B       		.byte	11
  54 001a 01       		.byte	1
  55 001b 40       		.byte	64
  56 001c 01       		.byte	1
  57 001d 15       		.byte	21
ARM GAS  C:\Users\thetr\AppData\Local\Temp\ccRq851d.s 			page 2


  58 001e 01       		.byte	1
  59 001f 40       		.byte	64
  60 0020 02       		.byte	2
  61 0021 17       		.byte	23
  62 0022 01       		.byte	1
  63 0023 40       		.byte	64
  64 0024 50       		.byte	80
  65 0025 18       		.byte	24
  66 0026 01       		.byte	1
  67 0027 40       		.byte	64
  68 0028 48       		.byte	72
  69 0029 19       		.byte	25
  70 002a 01       		.byte	1
  71 002b 40       		.byte	64
  72 002c 61       		.byte	97
  73 002d 1A       		.byte	26
  74 002e 01       		.byte	1
  75 002f 40       		.byte	64
  76 0030 51       		.byte	81
  77 0031 1B       		.byte	27
  78 0032 01       		.byte	1
  79 0033 40       		.byte	64
  80 0034 03       		.byte	3
  81 0035 40       		.byte	64
  82 0036 01       		.byte	1
  83 0037 40       		.byte	64
  84 0038 02       		.byte	2
  85 0039 41       		.byte	65
  86 003a 01       		.byte	1
  87 003b 40       		.byte	64
  88 003c 02       		.byte	2
  89 003d 42       		.byte	66
  90 003e 01       		.byte	1
  91 003f 40       		.byte	64
  92 0040 05       		.byte	5
  93 0041 43       		.byte	67
  94 0042 01       		.byte	1
  95 0043 40       		.byte	64
  96 0044 02       		.byte	2
  97 0045 44       		.byte	68
  98 0046 01       		.byte	1
  99 0047 40       		.byte	64
 100 0048 07       		.byte	7
 101 0049 45       		.byte	69
 102 004a 01       		.byte	1
 103 004b 40       		.byte	64
 104 004c 08       		.byte	8
 105 004d 46       		.byte	70
 106 004e 01       		.byte	1
 107 004f 40       		.byte	64
 108 0050 09       		.byte	9
 109 0051 47       		.byte	71
 110 0052 01       		.byte	1
 111 0053 40       		.byte	64
 112 0054 08       		.byte	8
 113 0055 48       		.byte	72
 114 0056 01       		.byte	1
ARM GAS  C:\Users\thetr\AppData\Local\Temp\ccRq851d.s 			page 3


 115 0057 40       		.byte	64
 116 0058 04       		.byte	4
 117 0059 49       		.byte	73
 118 005a 01       		.byte	1
 119 005b 40       		.byte	64
 120 005c 03       		.byte	3
 121 005d 4C       		.byte	76
 122 005e 01       		.byte	1
 123 005f 40       		.byte	64
 124 0060 0D       		.byte	13
 125 0061 4D       		.byte	77
 126 0062 01       		.byte	1
 127 0063 40       		.byte	64
 128 0064 04       		.byte	4
 129 0065 50       		.byte	80
 130 0066 01       		.byte	1
 131 0067 40       		.byte	64
 132 0068 01       		.byte	1
 133 0069 51       		.byte	81
 134 006a 01       		.byte	1
 135 006b 40       		.byte	64
 136 006c 10       		.byte	16
 137 006d C2       		.byte	-62
 138 006e 11       		.byte	17
 139 006f 52       		.byte	82
 140 0070 18       		.byte	24
 141 0071 80       		.byte	-128
 142 0072 78       		.byte	120
 143 0073 01       		.byte	1
 144 0074 88       		.byte	-120
 145 0075 38       		.byte	56
 146 0076 88       		.byte	-120
 147 0077 0F       		.byte	15
 148 0078 8A       		.byte	-118
 149 0079 0D       		.byte	13
 150 007a 8B       		.byte	-117
 151 007b 72       		.byte	114
 152 007c E6       		.byte	-26
 153 007d 03       		.byte	3
 154 007e 03       		.byte	3
 155 007f 04       		.byte	4
 156 0080 05       		.byte	5
 157 0081 1C       		.byte	28
 158 0082 07       		.byte	7
 159 0083 22       		.byte	34
 160 0084 09       		.byte	9
 161 0085 27       		.byte	39
 162 0086 0B       		.byte	11
 163 0087 18       		.byte	24
 164 0088 0D       		.byte	13
 165 0089 10       		.byte	16
 166 008a 11       		.byte	17
 167 008b 1C       		.byte	28
 168 008c 12       		.byte	18
 169 008d 02       		.byte	2
 170 008e 13       		.byte	19
 171 008f 21       		.byte	33
ARM GAS  C:\Users\thetr\AppData\Local\Temp\ccRq851d.s 			page 4


 172 0090 15       		.byte	21
 173 0091 3F       		.byte	63
 174 0092 16       		.byte	22
 175 0093 01       		.byte	1
 176 0094 19       		.byte	25
 177 0095 18       		.byte	24
 178 0096 1A       		.byte	26
 179 0097 01       		.byte	1
 180 0098 21       		.byte	33
 181 0099 04       		.byte	4
 182 009a 23       		.byte	35
 183 009b 40       		.byte	64
 184 009c 25       		.byte	37
 185 009d 08       		.byte	8
 186 009e 2B       		.byte	43
 187 009f 23       		.byte	35
 188 00a0 30       		.byte	48
 189 00a1 02       		.byte	2
 190 00a2 31       		.byte	49
 191 00a3 40       		.byte	64
 192 00a4 32       		.byte	50
 193 00a5 01       		.byte	1
 194 00a6 33       		.byte	51
 195 00a7 1F       		.byte	31
 196 00a8 37       		.byte	55
 197 00a9 38       		.byte	56
 198 00aa 3B       		.byte	59
 199 00ab A8       		.byte	-88
 200 00ac 3E       		.byte	62
 201 00ad 04       		.byte	4
 202 00ae 54       		.byte	84
 203 00af 18       		.byte	24
 204 00b0 56       		.byte	86
 205 00b1 04       		.byte	4
 206 00b2 58       		.byte	88
 207 00b3 04       		.byte	4
 208 00b4 59       		.byte	89
 209 00b5 04       		.byte	4
 210 00b6 5B       		.byte	91
 211 00b7 04       		.byte	4
 212 00b8 5C       		.byte	92
 213 00b9 12       		.byte	18
 214 00ba 5D       		.byte	93
 215 00bb 10       		.byte	16
 216 00bc 5F       		.byte	95
 217 00bd 01       		.byte	1
 218 00be 80       		.byte	-128
 219 00bf 01       		.byte	1
 220 00c0 82       		.byte	-126
 221 00c1 14       		.byte	20
 222 00c2 84       		.byte	-124
 223 00c3 01       		.byte	1
 224 00c4 85       		.byte	-123
 225 00c5 31       		.byte	49
 226 00c6 86       		.byte	-122
 227 00c7 0C       		.byte	12
 228 00c8 87       		.byte	-121
ARM GAS  C:\Users\thetr\AppData\Local\Temp\ccRq851d.s 			page 5


 229 00c9 4E       		.byte	78
 230 00ca 8B       		.byte	-117
 231 00cb 53       		.byte	83
 232 00cc 8F       		.byte	-113
 233 00cd 08       		.byte	8
 234 00ce 92       		.byte	-110
 235 00cf 18       		.byte	24
 236 00d0 94       		.byte	-108
 237 00d1 18       		.byte	24
 238 00d2 96       		.byte	-106
 239 00d3 05       		.byte	5
 240 00d4 99       		.byte	-103
 241 00d5 AC       		.byte	-84
 242 00d6 9B       		.byte	-101
 243 00d7 43       		.byte	67
 244 00d8 9D       		.byte	-99
 245 00d9 31       		.byte	49
 246 00da 9F       		.byte	-97
 247 00db C6       		.byte	-58
 248 00dc A2       		.byte	-94
 249 00dd 08       		.byte	8
 250 00de A3       		.byte	-93
 251 00df 8C       		.byte	-116
 252 00e0 A8       		.byte	-88
 253 00e1 02       		.byte	2
 254 00e2 AA       		.byte	-86
 255 00e3 04       		.byte	4
 256 00e4 AD       		.byte	-83
 257 00e5 30       		.byte	48
 258 00e6 AF       		.byte	-81
 259 00e7 40       		.byte	64
 260 00e8 B0       		.byte	-80
 261 00e9 03       		.byte	3
 262 00ea B4       		.byte	-76
 263 00eb 1C       		.byte	28
 264 00ec B5       		.byte	-75
 265 00ed 0F       		.byte	15
 266 00ee B7       		.byte	-73
 267 00ef F0       		.byte	-16
 268 00f0 B8       		.byte	-72
 269 00f1 02       		.byte	2
 270 00f2 BA       		.byte	-70
 271 00f3 20       		.byte	32
 272 00f4 BB       		.byte	-69
 273 00f5 A0       		.byte	-96
 274 00f6 C0       		.byte	-64
 275 00f7 02       		.byte	2
 276 00f8 C6       		.byte	-58
 277 00f9 04       		.byte	4
 278 00fa C9       		.byte	-55
 279 00fb FF       		.byte	-1
 280 00fc CA       		.byte	-54
 281 00fd 07       		.byte	7
 282 00fe CB       		.byte	-53
 283 00ff FF       		.byte	-1
 284 0100 CC       		.byte	-52
 285 0101 40       		.byte	64
ARM GAS  C:\Users\thetr\AppData\Local\Temp\ccRq851d.s 			page 6


 286 0102 CD       		.byte	-51
 287 0103 20       		.byte	32
 288 0104 CE       		.byte	-50
 289 0105 F0       		.byte	-16
 290 0106 CF       		.byte	-49
 291 0107 05       		.byte	5
 292 0108 D0       		.byte	-48
 293 0109 08       		.byte	8
 294 010a D8       		.byte	-40
 295 010b 04       		.byte	4
 296 010c D9       		.byte	-39
 297 010d 04       		.byte	4
 298 010e DA       		.byte	-38
 299 010f 04       		.byte	4
 300 0110 DB       		.byte	-37
 301 0111 04       		.byte	4
 302 0112 DC       		.byte	-36
 303 0113 11       		.byte	17
 304 0114 DD       		.byte	-35
 305 0115 01       		.byte	1
 306 0116 DF       		.byte	-33
 307 0117 01       		.byte	1
 308 0118 E0       		.byte	-32
 309 0119 40       		.byte	64
 310 011a E1       		.byte	-31
 311 011b A8       		.byte	-88
 312 011c E2       		.byte	-30
 313 011d 40       		.byte	64
 314 011e E3       		.byte	-29
 315 011f 20       		.byte	32
 316 0120 00       		.byte	0
 317 0121 05       		.byte	5
 318 0122 0A       		.byte	10
 319 0123 A0       		.byte	-96
 320 0124 0D       		.byte	13
 321 0125 02       		.byte	2
 322 0126 0E       		.byte	14
 323 0127 20       		.byte	32
 324 0128 0F       		.byte	15
 325 0129 08       		.byte	8
 326 012a 10       		.byte	16
 327 012b 08       		.byte	8
 328 012c 11       		.byte	17
 329 012d 10       		.byte	16
 330 012e 12       		.byte	18
 331 012f 80       		.byte	-128
 332 0130 18       		.byte	24
 333 0131 04       		.byte	4
 334 0132 19       		.byte	25
 335 0133 01       		.byte	1
 336 0134 1A       		.byte	26
 337 0135 80       		.byte	-128
 338 0136 1C       		.byte	28
 339 0137 40       		.byte	64
 340 0138 1F       		.byte	31
 341 0139 04       		.byte	4
 342 013a 20       		.byte	32
ARM GAS  C:\Users\thetr\AppData\Local\Temp\ccRq851d.s 			page 7


 343 013b 01       		.byte	1
 344 013c 21       		.byte	33
 345 013d 80       		.byte	-128
 346 013e 22       		.byte	34
 347 013f 10       		.byte	16
 348 0140 25       		.byte	37
 349 0141 05       		.byte	5
 350 0142 26       		.byte	38
 351 0143 40       		.byte	64
 352 0144 27       		.byte	39
 353 0145 19       		.byte	25
 354 0146 29       		.byte	41
 355 0147 01       		.byte	1
 356 0148 2A       		.byte	42
 357 0149 40       		.byte	64
 358 014a 2C       		.byte	44
 359 014b 04       		.byte	4
 360 014c 2E       		.byte	46
 361 014d 0A       		.byte	10
 362 014e 31       		.byte	49
 363 014f 80       		.byte	-128
 364 0150 32       		.byte	50
 365 0151 10       		.byte	16
 366 0152 37       		.byte	55
 367 0153 29       		.byte	41
 368 0154 38       		.byte	56
 369 0155 04       		.byte	4
 370 0156 39       		.byte	57
 371 0157 90       		.byte	-112
 372 0158 3C       		.byte	60
 373 0159 80       		.byte	-128
 374 015a 3D       		.byte	61
 375 015b 2A       		.byte	42
 376 015c 42       		.byte	66
 377 015d 04       		.byte	4
 378 015e 50       		.byte	80
 379 015f 08       		.byte	8
 380 0160 51       		.byte	81
 381 0161 40       		.byte	64
 382 0162 52       		.byte	82
 383 0163 80       		.byte	-128
 384 0164 5E       		.byte	94
 385 0165 02       		.byte	2
 386 0166 67       		.byte	103
 387 0167 4A       		.byte	74
 388 0168 68       		.byte	104
 389 0169 14       		.byte	20
 390 016a 69       		.byte	105
 391 016b 40       		.byte	64
 392 016c 6B       		.byte	107
 393 016d 40       		.byte	64
 394 016e 70       		.byte	112
 395 016f 10       		.byte	16
 396 0170 72       		.byte	114
 397 0171 01       		.byte	1
 398 0172 83       		.byte	-125
 399 0173 40       		.byte	64
ARM GAS  C:\Users\thetr\AppData\Local\Temp\ccRq851d.s 			page 8


 400 0174 87       		.byte	-121
 401 0175 40       		.byte	64
 402 0176 8A       		.byte	-118
 403 0177 01       		.byte	1
 404 0178 8C       		.byte	-116
 405 0179 10       		.byte	16
 406 017a 95       		.byte	-107
 407 017b 40       		.byte	64
 408 017c A4       		.byte	-92
 409 017d 04       		.byte	4
 410 017e B0       		.byte	-80
 411 017f 04       		.byte	4
 412 0180 C0       		.byte	-64
 413 0181 0C       		.byte	12
 414 0182 C2       		.byte	-62
 415 0183 7C       		.byte	124
 416 0184 C4       		.byte	-60
 417 0185 0A       		.byte	10
 418 0186 CA       		.byte	-54
 419 0187 E9       		.byte	-23
 420 0188 CC       		.byte	-52
 421 0189 EC       		.byte	-20
 422 018a CE       		.byte	-50
 423 018b FE       		.byte	-2
 424 018c D0       		.byte	-48
 425 018d 04       		.byte	4
 426 018e D6       		.byte	-42
 427 018f 80       		.byte	-128
 428 0190 D8       		.byte	-40
 429 0191 B0       		.byte	-80
 430 0192 81       		.byte	-127
 431 0193 40       		.byte	64
 432 0194 E4       		.byte	-28
 433 0195 04       		.byte	4
 434 0196 EC       		.byte	-20
 435 0197 10       		.byte	16
 436 0198 E2       		.byte	-30
 437 0199 08       		.byte	8
 438 019a EE       		.byte	-18
 439 019b 80       		.byte	-128
 440 019c 03       		.byte	3
 441 019d 06       		.byte	6
 442 019e 04       		.byte	4
 443 019f 01       		.byte	1
 444 01a0 05       		.byte	5
 445 01a1 26       		.byte	38
 446 01a2 07       		.byte	7
 447 01a3 C0       		.byte	-64
 448 01a4 08       		.byte	8
 449 01a5 01       		.byte	1
 450 01a6 09       		.byte	9
 451 01a7 07       		.byte	7
 452 01a8 15       		.byte	21
 453 01a9 07       		.byte	7
 454 01aa 16       		.byte	22
 455 01ab 02       		.byte	2
 456 01ac 1A       		.byte	26
ARM GAS  C:\Users\thetr\AppData\Local\Temp\ccRq851d.s 			page 9


 457 01ad 02       		.byte	2
 458 01ae 1B       		.byte	27
 459 01af 07       		.byte	7
 460 01b0 1F       		.byte	31
 461 01b1 07       		.byte	7
 462 01b2 20       		.byte	32
 463 01b3 01       		.byte	1
 464 01b4 21       		.byte	33
 465 01b5 4A       		.byte	74
 466 01b6 23       		.byte	35
 467 01b7 30       		.byte	48
 468 01b8 25       		.byte	37
 469 01b9 F8       		.byte	-8
 470 01ba 29       		.byte	41
 471 01bb F8       		.byte	-8
 472 01bc 2D       		.byte	45
 473 01bd 94       		.byte	-108
 474 01be 2F       		.byte	47
 475 01bf 28       		.byte	40
 476 01c0 30       		.byte	48
 477 01c1 02       		.byte	2
 478 01c2 31       		.byte	49
 479 01c3 06       		.byte	6
 480 01c4 33       		.byte	51
 481 01c5 E0       		.byte	-32
 482 01c6 34       		.byte	52
 483 01c7 01       		.byte	1
 484 01c8 35       		.byte	53
 485 01c9 01       		.byte	1
 486 01ca 37       		.byte	55
 487 01cb 18       		.byte	24
 488 01cc 39       		.byte	57
 489 01cd 20       		.byte	32
 490 01ce 3E       		.byte	62
 491 01cf 01       		.byte	1
 492 01d0 40       		.byte	64
 493 01d1 16       		.byte	22
 494 01d2 41       		.byte	65
 495 01d3 03       		.byte	3
 496 01d4 45       		.byte	69
 497 01d5 0B       		.byte	11
 498 01d6 46       		.byte	70
 499 01d7 0C       		.byte	12
 500 01d8 47       		.byte	71
 501 01d9 E0       		.byte	-32
 502 01da 48       		.byte	72
 503 01db 25       		.byte	37
 504 01dc 49       		.byte	73
 505 01dd FF       		.byte	-1
 506 01de 4A       		.byte	74
 507 01df FF       		.byte	-1
 508 01e0 4B       		.byte	75
 509 01e1 FF       		.byte	-1
 510 01e2 4E       		.byte	78
 511 01e3 F0       		.byte	-16
 512 01e4 4F       		.byte	79
 513 01e5 44       		.byte	68
ARM GAS  C:\Users\thetr\AppData\Local\Temp\ccRq851d.s 			page 10


 514 01e6 50       		.byte	80
 515 01e7 0C       		.byte	12
 516 01e8 54       		.byte	84
 517 01e9 01       		.byte	1
 518 01ea 58       		.byte	88
 519 01eb 04       		.byte	4
 520 01ec 59       		.byte	89
 521 01ed 04       		.byte	4
 522 01ee 5A       		.byte	90
 523 01ef 04       		.byte	4
 524 01f0 5B       		.byte	91
 525 01f1 04       		.byte	4
 526 01f2 5C       		.byte	92
 527 01f3 11       		.byte	17
 528 01f4 5D       		.byte	93
 529 01f5 11       		.byte	17
 530 01f6 5F       		.byte	95
 531 01f7 01       		.byte	1
 532 01f8 66       		.byte	102
 533 01f9 C0       		.byte	-64
 534 01fa 6A       		.byte	106
 535 01fb 40       		.byte	64
 536 01fc 6B       		.byte	107
 537 01fd 02       		.byte	2
 538 01fe 80       		.byte	-128
 539 01ff F0       		.byte	-16
 540 0200 82       		.byte	-126
 541 0201 0C       		.byte	12
 542 0202 84       		.byte	-124
 543 0203 EC       		.byte	-20
 544 0204 86       		.byte	-122
 545 0205 11       		.byte	17
 546 0206 8B       		.byte	-117
 547 0207 01       		.byte	1
 548 0208 8E       		.byte	-114
 549 0209 03       		.byte	3
 550 020a 8F       		.byte	-113
 551 020b 01       		.byte	1
 552 020c 90       		.byte	-112
 553 020d 09       		.byte	9
 554 020e 92       		.byte	-110
 555 020f 10       		.byte	16
 556 0210 94       		.byte	-108
 557 0211 5C       		.byte	92
 558 0212 96       		.byte	-106
 559 0213 82       		.byte	-126
 560 0214 9E       		.byte	-98
 561 0215 80       		.byte	-128
 562 0216 A0       		.byte	-96
 563 0217 10       		.byte	16
 564 0218 A4       		.byte	-92
 565 0219 14       		.byte	20
 566 021a AA       		.byte	-86
 567 021b A0       		.byte	-96
 568 021c AD       		.byte	-83
 569 021d 02       		.byte	2
 570 021e B0       		.byte	-80
ARM GAS  C:\Users\thetr\AppData\Local\Temp\ccRq851d.s 			page 11


 571 021f 80       		.byte	-128
 572 0220 B3       		.byte	-77
 573 0221 01       		.byte	1
 574 0222 B4       		.byte	-76
 575 0223 60       		.byte	96
 576 0224 B6       		.byte	-74
 577 0225 1F       		.byte	31
 578 0226 B7       		.byte	-73
 579 0227 02       		.byte	2
 580 0228 B8       		.byte	-72
 581 0229 20       		.byte	32
 582 022a BE       		.byte	-66
 583 022b 11       		.byte	17
 584 022c BF       		.byte	-65
 585 022d 44       		.byte	68
 586 022e D2       		.byte	-46
 587 022f 80       		.byte	-128
 588 0230 D8       		.byte	-40
 589 0231 04       		.byte	4
 590 0232 D9       		.byte	-39
 591 0233 04       		.byte	4
 592 0234 DB       		.byte	-37
 593 0235 04       		.byte	4
 594 0236 DC       		.byte	-36
 595 0237 01       		.byte	1
 596 0238 DD       		.byte	-35
 597 0239 20       		.byte	32
 598 023a DF       		.byte	-33
 599 023b 01       		.byte	1
 600 023c 00       		.byte	0
 601 023d 05       		.byte	5
 602 023e 01       		.byte	1
 603 023f 80       		.byte	-128
 604 0240 02       		.byte	2
 605 0241 10       		.byte	16
 606 0242 03       		.byte	3
 607 0243 40       		.byte	64
 608 0244 04       		.byte	4
 609 0245 28       		.byte	40
 610 0246 09       		.byte	9
 611 0247 40       		.byte	64
 612 0248 0A       		.byte	10
 613 0249 A0       		.byte	-96
 614 024a 0D       		.byte	13
 615 024b 08       		.byte	8
 616 024c 0F       		.byte	15
 617 024d 04       		.byte	4
 618 024e 10       		.byte	16
 619 024f 08       		.byte	8
 620 0250 11       		.byte	17
 621 0251 04       		.byte	4
 622 0252 12       		.byte	18
 623 0253 80       		.byte	-128
 624 0254 17       		.byte	23
 625 0255 01       		.byte	1
 626 0256 19       		.byte	25
 627 0257 80       		.byte	-128
ARM GAS  C:\Users\thetr\AppData\Local\Temp\ccRq851d.s 			page 12


 628 0258 1A       		.byte	26
 629 0259 44       		.byte	68
 630 025a 1D       		.byte	29
 631 025b 20       		.byte	32
 632 025c 1F       		.byte	31
 633 025d 01       		.byte	1
 634 025e 20       		.byte	32
 635 025f 02       		.byte	2
 636 0260 22       		.byte	34
 637 0261 04       		.byte	4
 638 0262 24       		.byte	36
 639 0263 02       		.byte	2
 640 0264 25       		.byte	37
 641 0265 04       		.byte	4
 642 0266 26       		.byte	38
 643 0267 11       		.byte	17
 644 0268 29       		.byte	41
 645 0269 80       		.byte	-128
 646 026a 2D       		.byte	45
 647 026b 40       		.byte	64
 648 026c 2E       		.byte	46
 649 026d 02       		.byte	2
 650 026e 2F       		.byte	47
 651 026f 28       		.byte	40
 652 0270 36       		.byte	54
 653 0271 40       		.byte	64
 654 0272 37       		.byte	55
 655 0273 18       		.byte	24
 656 0274 38       		.byte	56
 657 0275 40       		.byte	64
 658 0276 39       		.byte	57
 659 0277 20       		.byte	32
 660 0278 3D       		.byte	61
 661 0279 29       		.byte	41
 662 027a 46       		.byte	70
 663 027b 10       		.byte	16
 664 027c 47       		.byte	71
 665 027d 40       		.byte	64
 666 027e 4C       		.byte	76
 667 027f 09       		.byte	9
 668 0280 4D       		.byte	77
 669 0281 44       		.byte	68
 670 0282 55       		.byte	85
 671 0283 40       		.byte	64
 672 0284 56       		.byte	86
 673 0285 40       		.byte	64
 674 0286 57       		.byte	87
 675 0287 01       		.byte	1
 676 0288 5C       		.byte	92
 677 0289 02       		.byte	2
 678 028a 5E       		.byte	94
 679 028b 48       		.byte	72
 680 028c 5F       		.byte	95
 681 028d 10       		.byte	16
 682 028e 60       		.byte	96
 683 028f 02       		.byte	2
 684 0290 63       		.byte	99
ARM GAS  C:\Users\thetr\AppData\Local\Temp\ccRq851d.s 			page 13


 685 0291 02       		.byte	2
 686 0292 71       		.byte	113
 687 0293 02       		.byte	2
 688 0294 84       		.byte	-124
 689 0295 10       		.byte	16
 690 0296 88       		.byte	-120
 691 0297 04       		.byte	4
 692 0298 89       		.byte	-119
 693 0299 21       		.byte	33
 694 029a 90       		.byte	-112
 695 029b 45       		.byte	69
 696 029c 92       		.byte	-110
 697 029d A0       		.byte	-96
 698 029e 96       		.byte	-106
 699 029f 04       		.byte	4
 700 02a0 97       		.byte	-105
 701 02a1 02       		.byte	2
 702 02a2 9B       		.byte	-101
 703 02a3 18       		.byte	24
 704 02a4 9C       		.byte	-100
 705 02a5 04       		.byte	4
 706 02a6 9E       		.byte	-98
 707 02a7 4A       		.byte	74
 708 02a8 9F       		.byte	-97
 709 02a9 20       		.byte	32
 710 02aa A0       		.byte	-96
 711 02ab 18       		.byte	24
 712 02ac A2       		.byte	-94
 713 02ad C0       		.byte	-64
 714 02ae A4       		.byte	-92
 715 02af 40       		.byte	64
 716 02b0 A5       		.byte	-91
 717 02b1 12       		.byte	18
 718 02b2 A6       		.byte	-90
 719 02b3 19       		.byte	25
 720 02b4 A7       		.byte	-89
 721 02b5 04       		.byte	4
 722 02b6 B2       		.byte	-78
 723 02b7 08       		.byte	8
 724 02b8 C0       		.byte	-64
 725 02b9 6D       		.byte	109
 726 02ba C2       		.byte	-62
 727 02bb 6D       		.byte	109
 728 02bc C4       		.byte	-60
 729 02bd 1E       		.byte	30
 730 02be CA       		.byte	-54
 731 02bf F8       		.byte	-8
 732 02c0 CC       		.byte	-52
 733 02c1 70       		.byte	112
 734 02c2 CE       		.byte	-50
 735 02c3 EC       		.byte	-20
 736 02c4 D0       		.byte	-48
 737 02c5 50       		.byte	80
 738 02c6 D2       		.byte	-46
 739 02c7 20       		.byte	32
 740 02c8 D6       		.byte	-42
 741 02c9 F0       		.byte	-16
ARM GAS  C:\Users\thetr\AppData\Local\Temp\ccRq851d.s 			page 14


 742 02ca EE       		.byte	-18
 743 02cb 80       		.byte	-128
 744 02cc 07       		.byte	7
 745 02cd 07       		.byte	7
 746 02ce 0F       		.byte	15
 747 02cf 01       		.byte	1
 748 02d0 11       		.byte	17
 749 02d1 04       		.byte	4
 750 02d2 31       		.byte	49
 751 02d3 02       		.byte	2
 752 02d4 33       		.byte	51
 753 02d5 01       		.byte	1
 754 02d6 35       		.byte	53
 755 02d7 04       		.byte	4
 756 02d8 40       		.byte	64
 757 02d9 40       		.byte	64
 758 02da 41       		.byte	65
 759 02db 02       		.byte	2
 760 02dc 45       		.byte	69
 761 02dd D0       		.byte	-48
 762 02de 46       		.byte	70
 763 02df 20       		.byte	32
 764 02e0 47       		.byte	71
 765 02e1 01       		.byte	1
 766 02e2 48       		.byte	72
 767 02e3 1A       		.byte	26
 768 02e4 49       		.byte	73
 769 02e5 FF       		.byte	-1
 770 02e6 4A       		.byte	74
 771 02e7 FF       		.byte	-1
 772 02e8 4B       		.byte	75
 773 02e9 FF       		.byte	-1
 774 02ea 4D       		.byte	77
 775 02eb A0       		.byte	-96
 776 02ec 4F       		.byte	79
 777 02ed 04       		.byte	4
 778 02ee 50       		.byte	80
 779 02ef 18       		.byte	24
 780 02f0 54       		.byte	84
 781 02f1 05       		.byte	5
 782 02f2 59       		.byte	89
 783 02f3 04       		.byte	4
 784 02f4 5A       		.byte	90
 785 02f5 04       		.byte	4
 786 02f6 5B       		.byte	91
 787 02f7 04       		.byte	4
 788 02f8 5C       		.byte	92
 789 02f9 20       		.byte	32
 790 02fa 5D       		.byte	93
 791 02fb 22       		.byte	34
 792 02fc 5F       		.byte	95
 793 02fd 01       		.byte	1
 794 02fe 60       		.byte	96
 795 02ff 40       		.byte	64
 796 0300 62       		.byte	98
 797 0301 C0       		.byte	-64
 798 0302 64       		.byte	100
ARM GAS  C:\Users\thetr\AppData\Local\Temp\ccRq851d.s 			page 15


 799 0303 40       		.byte	64
 800 0304 65       		.byte	101
 801 0305 40       		.byte	64
 802 0306 66       		.byte	102
 803 0307 C0       		.byte	-64
 804 0308 68       		.byte	104
 805 0309 C0       		.byte	-64
 806 030a 6A       		.byte	106
 807 030b C0       		.byte	-64
 808 030c 6C       		.byte	108
 809 030d C0       		.byte	-64
 810 030e 6E       		.byte	110
 811 030f C0       		.byte	-64
 812 0310 81       		.byte	-127
 813 0311 01       		.byte	1
 814 0312 83       		.byte	-125
 815 0313 40       		.byte	64
 816 0314 84       		.byte	-124
 817 0315 02       		.byte	2
 818 0316 85       		.byte	-123
 819 0317 04       		.byte	4
 820 0318 88       		.byte	-120
 821 0319 02       		.byte	2
 822 031a 89       		.byte	-119
 823 031b 1F       		.byte	31
 824 031c 8D       		.byte	-115
 825 031d 08       		.byte	8
 826 031e 90       		.byte	-112
 827 031f 02       		.byte	2
 828 0320 95       		.byte	-107
 829 0321 13       		.byte	19
 830 0322 97       		.byte	-105
 831 0323 0C       		.byte	12
 832 0324 99       		.byte	-103
 833 0325 0C       		.byte	12
 834 0326 9C       		.byte	-100
 835 0327 01       		.byte	1
 836 0328 9D       		.byte	-99
 837 0329 0F       		.byte	15
 838 032a 9F       		.byte	-97
 839 032b 10       		.byte	16
 840 032c A3       		.byte	-93
 841 032d 13       		.byte	19
 842 032e A4       		.byte	-92
 843 032f 02       		.byte	2
 844 0330 A5       		.byte	-91
 845 0331 1C       		.byte	28
 846 0332 A7       		.byte	-89
 847 0333 03       		.byte	3
 848 0334 A9       		.byte	-87
 849 0335 03       		.byte	3
 850 0336 AB       		.byte	-85
 851 0337 20       		.byte	32
 852 0338 AD       		.byte	-83
 853 0339 02       		.byte	2
 854 033a AF       		.byte	-81
 855 033b 40       		.byte	64
ARM GAS  C:\Users\thetr\AppData\Local\Temp\ccRq851d.s 			page 16


 856 033c B1       		.byte	-79
 857 033d 60       		.byte	96
 858 033e B2       		.byte	-78
 859 033f 02       		.byte	2
 860 0340 B3       		.byte	-77
 861 0341 1C       		.byte	28
 862 0342 B4       		.byte	-76
 863 0343 01       		.byte	1
 864 0344 B5       		.byte	-75
 865 0345 0F       		.byte	15
 866 0346 B9       		.byte	-71
 867 0347 80       		.byte	-128
 868 0348 BB       		.byte	-69
 869 0349 20       		.byte	32
 870 034a BE       		.byte	-66
 871 034b 14       		.byte	20
 872 034c BF       		.byte	-65
 873 034d 41       		.byte	65
 874 034e C0       		.byte	-64
 875 034f 32       		.byte	50
 876 0350 C1       		.byte	-63
 877 0351 06       		.byte	6
 878 0352 C2       		.byte	-62
 879 0353 05       		.byte	5
 880 0354 C4       		.byte	-60
 881 0355 01       		.byte	1
 882 0356 C5       		.byte	-59
 883 0357 0C       		.byte	12
 884 0358 C7       		.byte	-57
 885 0359 0E       		.byte	14
 886 035a C8       		.byte	-56
 887 035b 11       		.byte	17
 888 035c C9       		.byte	-55
 889 035d FF       		.byte	-1
 890 035e CA       		.byte	-54
 891 035f FF       		.byte	-1
 892 0360 CB       		.byte	-53
 893 0361 FF       		.byte	-1
 894 0362 CC       		.byte	-52
 895 0363 62       		.byte	98
 896 0364 CD       		.byte	-51
 897 0365 A0       		.byte	-96
 898 0366 CE       		.byte	-50
 899 0367 F0       		.byte	-16
 900 0368 CF       		.byte	-49
 901 0369 41       		.byte	65
 902 036a D0       		.byte	-48
 903 036b 0C       		.byte	12
 904 036c D6       		.byte	-42
 905 036d 02       		.byte	2
 906 036e D7       		.byte	-41
 907 036f 11       		.byte	17
 908 0370 D8       		.byte	-40
 909 0371 04       		.byte	4
 910 0372 D9       		.byte	-39
 911 0373 04       		.byte	4
 912 0374 DA       		.byte	-38
ARM GAS  C:\Users\thetr\AppData\Local\Temp\ccRq851d.s 			page 17


 913 0375 04       		.byte	4
 914 0376 DB       		.byte	-37
 915 0377 04       		.byte	4
 916 0378 DC       		.byte	-36
 917 0379 10       		.byte	16
 918 037a DD       		.byte	-35
 919 037b 11       		.byte	17
 920 037c DF       		.byte	-33
 921 037d 01       		.byte	1
 922 037e E6       		.byte	-26
 923 037f 40       		.byte	64
 924 0380 E7       		.byte	-25
 925 0381 02       		.byte	2
 926 0382 E9       		.byte	-23
 927 0383 10       		.byte	16
 928 0384 EA       		.byte	-22
 929 0385 30       		.byte	48
 930 0386 EB       		.byte	-21
 931 0387 10       		.byte	16
 932 0388 ED       		.byte	-19
 933 0389 10       		.byte	16
 934 038a EE       		.byte	-18
 935 038b 10       		.byte	16
 936 038c EF       		.byte	-17
 937 038d 12       		.byte	18
 938 038e 04       		.byte	4
 939 038f 10       		.byte	16
 940 0390 05       		.byte	5
 941 0391 28       		.byte	40
 942 0392 07       		.byte	7
 943 0393 18       		.byte	24
 944 0394 09       		.byte	9
 945 0395 04       		.byte	4
 946 0396 0A       		.byte	10
 947 0397 10       		.byte	16
 948 0398 0E       		.byte	14
 949 0399 80       		.byte	-128
 950 039a 0F       		.byte	15
 951 039b 02       		.byte	2
 952 039c 17       		.byte	23
 953 039d 04       		.byte	4
 954 039e 1E       		.byte	30
 955 039f 28       		.byte	40
 956 03a0 20       		.byte	32
 957 03a1 08       		.byte	8
 958 03a2 21       		.byte	33
 959 03a3 02       		.byte	2
 960 03a4 22       		.byte	34
 961 03a5 08       		.byte	8
 962 03a6 24       		.byte	36
 963 03a7 01       		.byte	1
 964 03a8 25       		.byte	37
 965 03a9 18       		.byte	24
 966 03aa 27       		.byte	39
 967 03ab 44       		.byte	68
 968 03ac 2C       		.byte	44
 969 03ad 80       		.byte	-128
ARM GAS  C:\Users\thetr\AppData\Local\Temp\ccRq851d.s 			page 18


 970 03ae 2D       		.byte	45
 971 03af 48       		.byte	72
 972 03b0 2E       		.byte	46
 973 03b1 10       		.byte	16
 974 03b2 31       		.byte	49
 975 03b3 02       		.byte	2
 976 03b4 36       		.byte	54
 977 03b5 40       		.byte	64
 978 03b6 37       		.byte	55
 979 03b7 24       		.byte	36
 980 03b8 38       		.byte	56
 981 03b9 40       		.byte	64
 982 03ba 3B       		.byte	59
 983 03bb 08       		.byte	8
 984 03bc 3C       		.byte	60
 985 03bd 90       		.byte	-112
 986 03be 3E       		.byte	62
 987 03bf 0A       		.byte	10
 988 03c0 40       		.byte	64
 989 03c1 40       		.byte	64
 990 03c2 41       		.byte	65
 991 03c3 10       		.byte	16
 992 03c4 45       		.byte	69
 993 03c5 20       		.byte	32
 994 03c6 47       		.byte	71
 995 03c7 44       		.byte	68
 996 03c8 49       		.byte	73
 997 03c9 01       		.byte	1
 998 03ca 4D       		.byte	77
 999 03cb 20       		.byte	32
 1000 03cc 4E       		.byte	78
 1001 03cd 02       		.byte	2
 1002 03ce 4F       		.byte	79
 1003 03cf 04       		.byte	4
 1004 03d0 51       		.byte	81
 1005 03d1 10       		.byte	16
 1006 03d2 53       		.byte	83
 1007 03d3 04       		.byte	4
 1008 03d4 57       		.byte	87
 1009 03d5 04       		.byte	4
 1010 03d6 58       		.byte	88
 1011 03d7 80       		.byte	-128
 1012 03d8 59       		.byte	89
 1013 03d9 01       		.byte	1
 1014 03da 5A       		.byte	90
 1015 03db 08       		.byte	8
 1016 03dc 5E       		.byte	94
 1017 03dd 20       		.byte	32
 1018 03de 6C       		.byte	108
 1019 03df 14       		.byte	20
 1020 03e0 6F       		.byte	111
 1021 03e1 29       		.byte	41
 1022 03e2 74       		.byte	116
 1023 03e3 40       		.byte	64
 1024 03e4 76       		.byte	118
 1025 03e5 08       		.byte	8
 1026 03e6 77       		.byte	119
ARM GAS  C:\Users\thetr\AppData\Local\Temp\ccRq851d.s 			page 19


 1027 03e7 20       		.byte	32
 1028 03e8 80       		.byte	-128
 1029 03e9 81       		.byte	-127
 1030 03ea 81       		.byte	-127
 1031 03eb 20       		.byte	32
 1032 03ec 85       		.byte	-123
 1033 03ed 08       		.byte	8
 1034 03ee 86       		.byte	-122
 1035 03ef 02       		.byte	2
 1036 03f0 88       		.byte	-120
 1037 03f1 84       		.byte	-124
 1038 03f2 8A       		.byte	-118
 1039 03f3 02       		.byte	2
 1040 03f4 90       		.byte	-112
 1041 03f5 40       		.byte	64
 1042 03f6 91       		.byte	-111
 1043 03f7 40       		.byte	64
 1044 03f8 92       		.byte	-110
 1045 03f9 08       		.byte	8
 1046 03fa 94       		.byte	-108
 1047 03fb 28       		.byte	40
 1048 03fc 95       		.byte	-107
 1049 03fd 20       		.byte	32
 1050 03fe 97       		.byte	-105
 1051 03ff 04       		.byte	4
 1052 0400 9B       		.byte	-101
 1053 0401 18       		.byte	24
 1054 0402 9E       		.byte	-98
 1055 0403 0A       		.byte	10
 1056 0404 9F       		.byte	-97
 1057 0405 21       		.byte	33
 1058 0406 A1       		.byte	-95
 1059 0407 24       		.byte	36
 1060 0408 A2       		.byte	-94
 1061 0409 40       		.byte	64
 1062 040a A3       		.byte	-93
 1063 040b 01       		.byte	1
 1064 040c A4       		.byte	-92
 1065 040d 40       		.byte	64
 1066 040e A5       		.byte	-91
 1067 040f 18       		.byte	24
 1068 0410 A6       		.byte	-90
 1069 0411 0C       		.byte	12
 1070 0412 A7       		.byte	-89
 1071 0413 2C       		.byte	44
 1072 0414 AE       		.byte	-82
 1073 0415 40       		.byte	64
 1074 0416 AF       		.byte	-81
 1075 0417 10       		.byte	16
 1076 0418 B0       		.byte	-80
 1077 0419 01       		.byte	1
 1078 041a C0       		.byte	-64
 1079 041b 60       		.byte	96
 1080 041c C2       		.byte	-62
 1081 041d 90       		.byte	-112
 1082 041e C4       		.byte	-60
 1083 041f 20       		.byte	32
ARM GAS  C:\Users\thetr\AppData\Local\Temp\ccRq851d.s 			page 20


 1084 0420 CA       		.byte	-54
 1085 0421 F0       		.byte	-16
 1086 0422 CC       		.byte	-52
 1087 0423 71       		.byte	113
 1088 0424 CE       		.byte	-50
 1089 0425 FA       		.byte	-6
 1090 0426 D0       		.byte	-48
 1091 0427 75       		.byte	117
 1092 0428 D2       		.byte	-46
 1093 0429 30       		.byte	48
 1094 042a D6       		.byte	-42
 1095 042b 2B       		.byte	43
 1096 042c E0       		.byte	-32
 1097 042d 01       		.byte	1
 1098 042e EC       		.byte	-20
 1099 042f 10       		.byte	16
 1100 0430 30       		.byte	48
 1101 0431 80       		.byte	-128
 1102 0432 36       		.byte	54
 1103 0433 20       		.byte	32
 1104 0434 CC       		.byte	-52
 1105 0435 30       		.byte	48
 1106 0436 A4       		.byte	-92
 1107 0437 80       		.byte	-128
 1108 0438 A6       		.byte	-90
 1109 0439 20       		.byte	32
 1110 043a A4       		.byte	-92
 1111 043b 80       		.byte	-128
 1112 043c A6       		.byte	-90
 1113 043d 20       		.byte	32
 1114 043e 82       		.byte	-126
 1115 043f 01       		.byte	1
 1116 0440 86       		.byte	-122
 1117 0441 20       		.byte	32
 1118 0442 A4       		.byte	-92
 1119 0443 80       		.byte	-128
 1120 0444 A6       		.byte	-90
 1121 0445 20       		.byte	32
 1122 0446 E6       		.byte	-26
 1123 0447 C0       		.byte	-64
 1124 0448 7D       		.byte	125
 1125 0449 20       		.byte	32
 1126 044a DE       		.byte	-34
 1127 044b 01       		.byte	1
 1128 044c 5D       		.byte	93
 1129 044d 84       		.byte	-124
 1130 044e 60       		.byte	96
 1131 044f 04       		.byte	4
 1132 0450 62       		.byte	98
 1133 0451 40       		.byte	64
 1134 0452 65       		.byte	101
 1135 0453 02       		.byte	2
 1136 0454 A5       		.byte	-91
 1137 0455 10       		.byte	16
 1138 0456 D6       		.byte	-42
 1139 0457 07       		.byte	7
 1140 0458 D8       		.byte	-40
ARM GAS  C:\Users\thetr\AppData\Local\Temp\ccRq851d.s 			page 21


 1141 0459 03       		.byte	3
 1142 045a 45       		.byte	69
 1143 045b 08       		.byte	8
 1144 045c 81       		.byte	-127
 1145 045d 02       		.byte	2
 1146 045e 94       		.byte	-108
 1147 045f 04       		.byte	4
 1148 0460 95       		.byte	-107
 1149 0461 04       		.byte	4
 1150 0462 9D       		.byte	-99
 1151 0463 82       		.byte	-126
 1152 0464 9E       		.byte	-98
 1153 0465 40       		.byte	64
 1154 0466 A5       		.byte	-91
 1155 0467 10       		.byte	16
 1156 0468 D0       		.byte	-48
 1157 0469 01       		.byte	1
 1158 046a 8A       		.byte	-118
 1159 046b 40       		.byte	64
 1160 046c 8C       		.byte	-116
 1161 046d 04       		.byte	4
 1162 046e 94       		.byte	-108
 1163 046f 04       		.byte	4
 1164 0470 9D       		.byte	-99
 1165 0471 80       		.byte	-128
 1166 0472 9E       		.byte	-98
 1167 0473 40       		.byte	64
 1168 0474 A5       		.byte	-91
 1169 0475 18       		.byte	24
 1170 0476 B1       		.byte	-79
 1171 0477 04       		.byte	4
 1172 0478 E4       		.byte	-28
 1173 0479 03       		.byte	3
 1174 047a E8       		.byte	-24
 1175 047b 04       		.byte	4
 1176 047c 25       		.byte	37
 1177 047d 10       		.byte	16
 1178 047e 56       		.byte	86
 1179 047f 20       		.byte	32
 1180 0480 86       		.byte	-122
 1181 0481 20       		.byte	32
 1182 0482 A2       		.byte	-94
 1183 0483 01       		.byte	1
 1184 0484 B0       		.byte	-80
 1185 0485 80       		.byte	-128
 1186 0486 C8       		.byte	-56
 1187 0487 20       		.byte	32
 1188 0488 D4       		.byte	-44
 1189 0489 40       		.byte	64
 1190 048a E2       		.byte	-30
 1191 048b 10       		.byte	16
 1192 048c 5E       		.byte	94
 1193 048d 02       		.byte	2
 1194 048e A2       		.byte	-94
 1195 048f 01       		.byte	1
 1196 0490 B5       		.byte	-75
 1197 0491 10       		.byte	16
ARM GAS  C:\Users\thetr\AppData\Local\Temp\ccRq851d.s 			page 22


 1198 0492 D6       		.byte	-42
 1199 0493 80       		.byte	-128
 1200 0494 A5       		.byte	-91
 1201 0495 18       		.byte	24
 1202 0496 B1       		.byte	-79
 1203 0497 80       		.byte	-128
 1204 0498 EC       		.byte	-20
 1205 0499 01       		.byte	1
 1206 049a 10       		.byte	16
 1207 049b 40       		.byte	64
 1208 049c 75       		.byte	117
 1209 049d 02       		.byte	2
 1210 049e 81       		.byte	-127
 1211 049f 10       		.byte	16
 1212 04a0 88       		.byte	-120
 1213 04a1 40       		.byte	64
 1214 04a2 99       		.byte	-103
 1215 04a3 02       		.byte	2
 1216 04a4 A5       		.byte	-91
 1217 04a5 10       		.byte	16
 1218 04a6 B1       		.byte	-79
 1219 04a7 02       		.byte	2
 1220 04a8 B5       		.byte	-75
 1221 04a9 08       		.byte	8
 1222 04aa C4       		.byte	-60
 1223 04ab 08       		.byte	8
 1224 04ac DE       		.byte	-34
 1225 04ad 04       		.byte	4
 1226 04ae E2       		.byte	-30
 1227 04af 01       		.byte	1
 1228 04b0 E8       		.byte	-24
 1229 04b1 01       		.byte	1
 1230 04b2 EC       		.byte	-20
 1231 04b3 08       		.byte	8
 1232 04b4 00       		.byte	0
 1233 04b5 06       		.byte	6
 1234 04b6 0C       		.byte	12
 1235 04b7 06       		.byte	6
 1236 04b8 10       		.byte	16
 1237 04b9 06       		.byte	6
 1238 04ba 1C       		.byte	28
 1239 04bb 06       		.byte	6
 1240 04bc 00       		.byte	0
 1241 04bd 0F       		.byte	15
 1242 04be 00       		.byte	0
 1243 04bf 00       		.byte	0
 1244 04c0 80       		.byte	-128
 1245 04c1 80       		.byte	-128
 1246 04c2 00       		.byte	0
 1247 04c3 00       		.byte	0
 1248 04c4 40       		.byte	64
 1249 04c5 00       		.byte	0
 1250 04c6 00       		.byte	0
 1251 04c7 00       		.byte	0
 1252 04c8 00       		.byte	0
 1253 04c9 00       		.byte	0
 1254 04ca 00       		.byte	0
ARM GAS  C:\Users\thetr\AppData\Local\Temp\ccRq851d.s 			page 23


 1255 04cb 00       		.byte	0
 1256 04cc 00       		.byte	0
 1257 04cd 00       		.byte	0
 1258 04ce 07       		.byte	7
 1259 04cf 00       		.byte	0
 1260 04d0 80       		.byte	-128
 1261 04d1 00       		.byte	0
 1262 04d2 40       		.byte	64
 1263 04d3 80       		.byte	-128
 1264 04d4 80       		.byte	-128
 1265 04d5 00       		.byte	0
 1266 04d6 80       		.byte	-128
 1267 04d7 00       		.byte	0
 1268 04d8 00       		.byte	0
 1269 04d9 00       		.byte	0
 1270 04da 00       		.byte	0
 1271 04db 00       		.byte	0
 1272 04dc 00       		.byte	0
 1273 04dd 01       		.byte	1
 1274 04de 01       		.byte	1
 1275 04df 00       		.byte	0
 1276 04e0 01       		.byte	1
 1277 04e1 00       		.byte	0
 1278 04e2 00       		.byte	0
 1279 04e3 00       		.byte	0
 1280 04e4 00       		.byte	0
 1281 04e5 0B       		.byte	11
 1282 04e6 0B       		.byte	11
 1283 04e7 00       		.byte	0
 1284 04e8 00       		.byte	0
 1285 04e9 00       		.byte	0
 1286 04ea 00       		.byte	0
 1287 04eb 00       		.byte	0
 1288 04ec 00       		.byte	0
 1289 04ed F2       		.byte	-14
 1290 04ee F2       		.byte	-14
 1291 04ef 00       		.byte	0
 1292 04f0 F2       		.byte	-14
 1293 04f1 00       		.byte	0
 1294 04f2 00       		.byte	0
 1295 04f3 00       		.byte	0
 1296 04f4 00       		.byte	0
 1297 04f5 80       		.byte	-128
 1298 04f6 80       		.byte	-128
 1299 04f7 00       		.byte	0
 1300 04f8 80       		.byte	-128
 1301 04f9 00       		.byte	0
 1302 04fa 00       		.byte	0
 1303 04fb 00       		.byte	0
 1304 04fc 07       		.byte	7
 1305 04fd 00       		.byte	0
 1306 04fe 18       		.byte	24
 1307 04ff 01       		.byte	1
 1308              		.section	.cywolatch,"a",%progbits
 1309              		.align	2
 1310              		.type	cy_meta_wonvl, %object
 1311              		.size	cy_meta_wonvl, 4
ARM GAS  C:\Users\thetr\AppData\Local\Temp\ccRq851d.s 			page 24


 1312              	cy_meta_wonvl:
 1313 0000 BC       		.byte	-68
 1314 0001 90       		.byte	-112
 1315 0002 AC       		.byte	-84
 1316 0003 AF       		.byte	-81
 1317              		.section	.cycustnvl,"a",%progbits
 1318              		.align	2
 1319              		.type	cy_meta_custnvl, %object
 1320              		.size	cy_meta_custnvl, 4
 1321              	cy_meta_custnvl:
 1322 0000 00       		.byte	0
 1323 0001 00       		.byte	0
 1324 0002 40       		.byte	64
 1325 0003 05       		.byte	5
 1326              		.section	.cymeta,"a",%progbits
 1327              		.align	2
 1328              		.type	cy_metadata, %object
 1329              		.size	cy_metadata, 12
 1330              	cy_metadata:
 1331 0000 00       		.byte	0
 1332 0001 01       		.byte	1
 1333 0002 2E       		.byte	46
 1334 0003 16       		.byte	22
 1335 0004 10       		.byte	16
 1336 0005 69       		.byte	105
 1337 0006 00       		.byte	0
 1338 0007 01       		.byte	1
 1339 0008 00       		.byte	0
 1340 0009 00       		.byte	0
 1341 000a 00       		.byte	0
 1342 000b 00       		.byte	0
 1343              		.section	.cyflashprotect,"a",%progbits
 1344              		.align	2
 1345              		.type	cy_meta_flashprotect, %object
 1346              		.size	cy_meta_flashprotect, 256
 1347              	cy_meta_flashprotect:
 1348 0000 00000000 		.space	256
 1348      00000000 
 1348      00000000 
 1348      00000000 
 1348      00000000 
 1349              		.text
 1350              	.Letext0:
 1351              		.file 1 "Generated_Source\\PSoC5\\cymetadata.c"
 1352              		.file 2 "Generated_Source\\PSoC5\\cytypes.h"
 1353              		.section	.debug_info,"",%progbits
 1354              	.Ldebug_info0:
 1355 0000 38010000 		.4byte	0x138
 1356 0004 0400     		.2byte	0x4
 1357 0006 00000000 		.4byte	.Ldebug_abbrev0
 1358 000a 04       		.byte	0x4
 1359 000b 01       		.uleb128 0x1
 1360 000c AC000000 		.4byte	.LASF18
 1361 0010 01       		.byte	0x1
 1362 0011 C2010000 		.4byte	.LASF19
 1363 0015 45000000 		.4byte	.LASF20
 1364 0019 00000000 		.4byte	.Ldebug_line0
ARM GAS  C:\Users\thetr\AppData\Local\Temp\ccRq851d.s 			page 25


 1365 001d 02       		.uleb128 0x2
 1366 001e 01       		.byte	0x1
 1367 001f 06       		.byte	0x6
 1368 0020 B6010000 		.4byte	.LASF0
 1369 0024 02       		.uleb128 0x2
 1370 0025 01       		.byte	0x1
 1371 0026 08       		.byte	0x8
 1372 0027 12000000 		.4byte	.LASF1
 1373 002b 02       		.uleb128 0x2
 1374 002c 02       		.byte	0x2
 1375 002d 05       		.byte	0x5
 1376 002e 9D010000 		.4byte	.LASF2
 1377 0032 02       		.uleb128 0x2
 1378 0033 02       		.byte	0x2
 1379 0034 07       		.byte	0x7
 1380 0035 32000000 		.4byte	.LASF3
 1381 0039 02       		.uleb128 0x2
 1382 003a 04       		.byte	0x4
 1383 003b 05       		.byte	0x5
 1384 003c AD010000 		.4byte	.LASF4
 1385 0040 02       		.uleb128 0x2
 1386 0041 04       		.byte	0x4
 1387 0042 07       		.byte	0x7
 1388 0043 20000000 		.4byte	.LASF5
 1389 0047 02       		.uleb128 0x2
 1390 0048 08       		.byte	0x8
 1391 0049 05       		.byte	0x5
 1392 004a 8A010000 		.4byte	.LASF6
 1393 004e 02       		.uleb128 0x2
 1394 004f 08       		.byte	0x8
 1395 0050 07       		.byte	0x7
 1396 0051 47010000 		.4byte	.LASF7
 1397 0055 03       		.uleb128 0x3
 1398 0056 04       		.byte	0x4
 1399 0057 05       		.byte	0x5
 1400 0058 696E7400 		.ascii	"int\000"
 1401 005c 02       		.uleb128 0x2
 1402 005d 04       		.byte	0x4
 1403 005e 07       		.byte	0x7
 1404 005f 3A010000 		.4byte	.LASF8
 1405 0063 04       		.uleb128 0x4
 1406 0064 A7010000 		.4byte	.LASF21
 1407 0068 02       		.byte	0x2
 1408 0069 9201     		.2byte	0x192
 1409 006b 24000000 		.4byte	0x24
 1410 006f 02       		.uleb128 0x2
 1411 0070 04       		.byte	0x4
 1412 0071 04       		.byte	0x4
 1413 0072 0C000000 		.4byte	.LASF9
 1414 0076 02       		.uleb128 0x2
 1415 0077 08       		.byte	0x8
 1416 0078 04       		.byte	0x4
 1417 0079 83000000 		.4byte	.LASF10
 1418 007d 02       		.uleb128 0x2
 1419 007e 01       		.byte	0x1
 1420 007f 08       		.byte	0x8
 1421 0080 98010000 		.4byte	.LASF11
ARM GAS  C:\Users\thetr\AppData\Local\Temp\ccRq851d.s 			page 26


 1422 0084 05       		.uleb128 0x5
 1423 0085 63000000 		.4byte	0x63
 1424 0089 95000000 		.4byte	0x95
 1425 008d 06       		.uleb128 0x6
 1426 008e 95000000 		.4byte	0x95
 1427 0092 FF04     		.2byte	0x4ff
 1428 0094 00       		.byte	0
 1429 0095 02       		.uleb128 0x2
 1430 0096 04       		.byte	0x4
 1431 0097 07       		.byte	0x7
 1432 0098 81010000 		.4byte	.LASF12
 1433 009c 07       		.uleb128 0x7
 1434 009d 9A000000 		.4byte	.LASF13
 1435 00a1 01       		.byte	0x1
 1436 00a2 1F       		.byte	0x1f
 1437 00a3 AD000000 		.4byte	0xad
 1438 00a7 05       		.uleb128 0x5
 1439 00a8 03       		.byte	0x3
 1440 00a9 00000000 		.4byte	cy_meta_configecc
 1441 00ad 08       		.uleb128 0x8
 1442 00ae 84000000 		.4byte	0x84
 1443 00b2 05       		.uleb128 0x5
 1444 00b3 63000000 		.4byte	0x63
 1445 00b7 C2000000 		.4byte	0xc2
 1446 00bb 09       		.uleb128 0x9
 1447 00bc 95000000 		.4byte	0x95
 1448 00c0 03       		.byte	0x3
 1449 00c1 00       		.byte	0
 1450 00c2 07       		.uleb128 0x7
 1451 00c3 8A000000 		.4byte	.LASF14
 1452 00c7 01       		.byte	0x1
 1453 00c8 CC       		.byte	0xcc
 1454 00c9 D3000000 		.4byte	0xd3
 1455 00cd 05       		.uleb128 0x5
 1456 00ce 03       		.byte	0x3
 1457 00cf 00000000 		.4byte	cy_meta_custnvl
 1458 00d3 08       		.uleb128 0x8
 1459 00d4 B2000000 		.4byte	0xb2
 1460 00d8 07       		.uleb128 0x7
 1461 00d9 73010000 		.4byte	.LASF15
 1462 00dd 01       		.byte	0x1
 1463 00de DA       		.byte	0xda
 1464 00df E9000000 		.4byte	0xe9
 1465 00e3 05       		.uleb128 0x5
 1466 00e4 03       		.byte	0x3
 1467 00e5 00000000 		.4byte	cy_meta_wonvl
 1468 00e9 08       		.uleb128 0x8
 1469 00ea B2000000 		.4byte	0xb2
 1470 00ee 05       		.uleb128 0x5
 1471 00ef 63000000 		.4byte	0x63
 1472 00f3 FE000000 		.4byte	0xfe
 1473 00f7 09       		.uleb128 0x9
 1474 00f8 95000000 		.4byte	0x95
 1475 00fc FF       		.byte	0xff
 1476 00fd 00       		.byte	0
 1477 00fe 07       		.uleb128 0x7
 1478 00ff 5E010000 		.4byte	.LASF16
ARM GAS  C:\Users\thetr\AppData\Local\Temp\ccRq851d.s 			page 27


 1479 0103 01       		.byte	0x1
 1480 0104 E8       		.byte	0xe8
 1481 0105 0F010000 		.4byte	0x10f
 1482 0109 05       		.uleb128 0x5
 1483 010a 03       		.byte	0x3
 1484 010b 00000000 		.4byte	cy_meta_flashprotect
 1485 010f 08       		.uleb128 0x8
 1486 0110 EE000000 		.4byte	0xee
 1487 0114 05       		.uleb128 0x5
 1488 0115 63000000 		.4byte	0x63
 1489 0119 24010000 		.4byte	0x124
 1490 011d 09       		.uleb128 0x9
 1491 011e 95000000 		.4byte	0x95
 1492 0122 0B       		.byte	0xb
 1493 0123 00       		.byte	0
 1494 0124 0A       		.uleb128 0xa
 1495 0125 00000000 		.4byte	.LASF17
 1496 0129 01       		.byte	0x1
 1497 012a 1501     		.2byte	0x115
 1498 012c 36010000 		.4byte	0x136
 1499 0130 05       		.uleb128 0x5
 1500 0131 03       		.byte	0x3
 1501 0132 00000000 		.4byte	cy_metadata
 1502 0136 08       		.uleb128 0x8
 1503 0137 14010000 		.4byte	0x114
 1504 013b 00       		.byte	0
 1505              		.section	.debug_abbrev,"",%progbits
 1506              	.Ldebug_abbrev0:
 1507 0000 01       		.uleb128 0x1
 1508 0001 11       		.uleb128 0x11
 1509 0002 01       		.byte	0x1
 1510 0003 25       		.uleb128 0x25
 1511 0004 0E       		.uleb128 0xe
 1512 0005 13       		.uleb128 0x13
 1513 0006 0B       		.uleb128 0xb
 1514 0007 03       		.uleb128 0x3
 1515 0008 0E       		.uleb128 0xe
 1516 0009 1B       		.uleb128 0x1b
 1517 000a 0E       		.uleb128 0xe
 1518 000b 10       		.uleb128 0x10
 1519 000c 17       		.uleb128 0x17
 1520 000d 00       		.byte	0
 1521 000e 00       		.byte	0
 1522 000f 02       		.uleb128 0x2
 1523 0010 24       		.uleb128 0x24
 1524 0011 00       		.byte	0
 1525 0012 0B       		.uleb128 0xb
 1526 0013 0B       		.uleb128 0xb
 1527 0014 3E       		.uleb128 0x3e
 1528 0015 0B       		.uleb128 0xb
 1529 0016 03       		.uleb128 0x3
 1530 0017 0E       		.uleb128 0xe
 1531 0018 00       		.byte	0
 1532 0019 00       		.byte	0
 1533 001a 03       		.uleb128 0x3
 1534 001b 24       		.uleb128 0x24
 1535 001c 00       		.byte	0
ARM GAS  C:\Users\thetr\AppData\Local\Temp\ccRq851d.s 			page 28


 1536 001d 0B       		.uleb128 0xb
 1537 001e 0B       		.uleb128 0xb
 1538 001f 3E       		.uleb128 0x3e
 1539 0020 0B       		.uleb128 0xb
 1540 0021 03       		.uleb128 0x3
 1541 0022 08       		.uleb128 0x8
 1542 0023 00       		.byte	0
 1543 0024 00       		.byte	0
 1544 0025 04       		.uleb128 0x4
 1545 0026 16       		.uleb128 0x16
 1546 0027 00       		.byte	0
 1547 0028 03       		.uleb128 0x3
 1548 0029 0E       		.uleb128 0xe
 1549 002a 3A       		.uleb128 0x3a
 1550 002b 0B       		.uleb128 0xb
 1551 002c 3B       		.uleb128 0x3b
 1552 002d 05       		.uleb128 0x5
 1553 002e 49       		.uleb128 0x49
 1554 002f 13       		.uleb128 0x13
 1555 0030 00       		.byte	0
 1556 0031 00       		.byte	0
 1557 0032 05       		.uleb128 0x5
 1558 0033 01       		.uleb128 0x1
 1559 0034 01       		.byte	0x1
 1560 0035 49       		.uleb128 0x49
 1561 0036 13       		.uleb128 0x13
 1562 0037 01       		.uleb128 0x1
 1563 0038 13       		.uleb128 0x13
 1564 0039 00       		.byte	0
 1565 003a 00       		.byte	0
 1566 003b 06       		.uleb128 0x6
 1567 003c 21       		.uleb128 0x21
 1568 003d 00       		.byte	0
 1569 003e 49       		.uleb128 0x49
 1570 003f 13       		.uleb128 0x13
 1571 0040 2F       		.uleb128 0x2f
 1572 0041 05       		.uleb128 0x5
 1573 0042 00       		.byte	0
 1574 0043 00       		.byte	0
 1575 0044 07       		.uleb128 0x7
 1576 0045 34       		.uleb128 0x34
 1577 0046 00       		.byte	0
 1578 0047 03       		.uleb128 0x3
 1579 0048 0E       		.uleb128 0xe
 1580 0049 3A       		.uleb128 0x3a
 1581 004a 0B       		.uleb128 0xb
 1582 004b 3B       		.uleb128 0x3b
 1583 004c 0B       		.uleb128 0xb
 1584 004d 49       		.uleb128 0x49
 1585 004e 13       		.uleb128 0x13
 1586 004f 3F       		.uleb128 0x3f
 1587 0050 19       		.uleb128 0x19
 1588 0051 02       		.uleb128 0x2
 1589 0052 18       		.uleb128 0x18
 1590 0053 00       		.byte	0
 1591 0054 00       		.byte	0
 1592 0055 08       		.uleb128 0x8
ARM GAS  C:\Users\thetr\AppData\Local\Temp\ccRq851d.s 			page 29


 1593 0056 26       		.uleb128 0x26
 1594 0057 00       		.byte	0
 1595 0058 49       		.uleb128 0x49
 1596 0059 13       		.uleb128 0x13
 1597 005a 00       		.byte	0
 1598 005b 00       		.byte	0
 1599 005c 09       		.uleb128 0x9
 1600 005d 21       		.uleb128 0x21
 1601 005e 00       		.byte	0
 1602 005f 49       		.uleb128 0x49
 1603 0060 13       		.uleb128 0x13
 1604 0061 2F       		.uleb128 0x2f
 1605 0062 0B       		.uleb128 0xb
 1606 0063 00       		.byte	0
 1607 0064 00       		.byte	0
 1608 0065 0A       		.uleb128 0xa
 1609 0066 34       		.uleb128 0x34
 1610 0067 00       		.byte	0
 1611 0068 03       		.uleb128 0x3
 1612 0069 0E       		.uleb128 0xe
 1613 006a 3A       		.uleb128 0x3a
 1614 006b 0B       		.uleb128 0xb
 1615 006c 3B       		.uleb128 0x3b
 1616 006d 05       		.uleb128 0x5
 1617 006e 49       		.uleb128 0x49
 1618 006f 13       		.uleb128 0x13
 1619 0070 3F       		.uleb128 0x3f
 1620 0071 19       		.uleb128 0x19
 1621 0072 02       		.uleb128 0x2
 1622 0073 18       		.uleb128 0x18
 1623 0074 00       		.byte	0
 1624 0075 00       		.byte	0
 1625 0076 00       		.byte	0
 1626              		.section	.debug_aranges,"",%progbits
 1627 0000 14000000 		.4byte	0x14
 1628 0004 0200     		.2byte	0x2
 1629 0006 00000000 		.4byte	.Ldebug_info0
 1630 000a 04       		.byte	0x4
 1631 000b 00       		.byte	0
 1632 000c 0000     		.2byte	0
 1633 000e 0000     		.2byte	0
 1634 0010 00000000 		.4byte	0
 1635 0014 00000000 		.4byte	0
 1636              		.section	.debug_line,"",%progbits
 1637              	.Ldebug_line0:
 1638 0000 4D000000 		.section	.debug_str,"MS",%progbits,1
 1638      02004700 
 1638      00000201 
 1638      FB0E0D00 
 1638      01010101 
 1639              	.LASF17:
 1640 0000 63795F6D 		.ascii	"cy_metadata\000"
 1640      65746164 
 1640      61746100 
 1641              	.LASF9:
 1642 000c 666C6F61 		.ascii	"float\000"
 1642      7400
ARM GAS  C:\Users\thetr\AppData\Local\Temp\ccRq851d.s 			page 30


 1643              	.LASF1:
 1644 0012 756E7369 		.ascii	"unsigned char\000"
 1644      676E6564 
 1644      20636861 
 1644      7200
 1645              	.LASF5:
 1646 0020 6C6F6E67 		.ascii	"long unsigned int\000"
 1646      20756E73 
 1646      69676E65 
 1646      6420696E 
 1646      7400
 1647              	.LASF3:
 1648 0032 73686F72 		.ascii	"short unsigned int\000"
 1648      7420756E 
 1648      7369676E 
 1648      65642069 
 1648      6E7400
 1649              	.LASF20:
 1650 0045 433A5C55 		.ascii	"C:\\Users\\thetr\\Documents\\PSoC Creator\\ADC+UART"
 1650      73657273 
 1650      5C746865 
 1650      74725C44 
 1650      6F63756D 
 1651 0073 5C414443 		.ascii	"\\ADC+UART.cydsn\000"
 1651      2B554152 
 1651      542E6379 
 1651      64736E00 
 1652              	.LASF10:
 1653 0083 646F7562 		.ascii	"double\000"
 1653      6C6500
 1654              	.LASF14:
 1655 008a 63795F6D 		.ascii	"cy_meta_custnvl\000"
 1655      6574615F 
 1655      63757374 
 1655      6E766C00 
 1656              	.LASF13:
 1657 009a 63795F6D 		.ascii	"cy_meta_configecc\000"
 1657      6574615F 
 1657      636F6E66 
 1657      69676563 
 1657      6300
 1658              	.LASF18:
 1659 00ac 474E5520 		.ascii	"GNU C 4.9.3 20150303 (release) [ARM/embedded-4_9-br"
 1659      4320342E 
 1659      392E3320 
 1659      32303135 
 1659      30333033 
 1660 00df 616E6368 		.ascii	"anch revision 221220] -mcpu=cortex-m3 -mthumb -g -O"
 1660      20726576 
 1660      6973696F 
 1660      6E203232 
 1660      31323230 
 1661 0112 67202D66 		.ascii	"g -ffunction-sections -ffat-lto-objects\000"
 1661      66756E63 
 1661      74696F6E 
 1661      2D736563 
 1661      74696F6E 
ARM GAS  C:\Users\thetr\AppData\Local\Temp\ccRq851d.s 			page 31


 1662              	.LASF8:
 1663 013a 756E7369 		.ascii	"unsigned int\000"
 1663      676E6564 
 1663      20696E74 
 1663      00
 1664              	.LASF7:
 1665 0147 6C6F6E67 		.ascii	"long long unsigned int\000"
 1665      206C6F6E 
 1665      6720756E 
 1665      7369676E 
 1665      65642069 
 1666              	.LASF16:
 1667 015e 63795F6D 		.ascii	"cy_meta_flashprotect\000"
 1667      6574615F 
 1667      666C6173 
 1667      6870726F 
 1667      74656374 
 1668              	.LASF15:
 1669 0173 63795F6D 		.ascii	"cy_meta_wonvl\000"
 1669      6574615F 
 1669      776F6E76 
 1669      6C00
 1670              	.LASF12:
 1671 0181 73697A65 		.ascii	"sizetype\000"
 1671      74797065 
 1671      00
 1672              	.LASF6:
 1673 018a 6C6F6E67 		.ascii	"long long int\000"
 1673      206C6F6E 
 1673      6720696E 
 1673      7400
 1674              	.LASF11:
 1675 0198 63686172 		.ascii	"char\000"
 1675      00
 1676              	.LASF2:
 1677 019d 73686F72 		.ascii	"short int\000"
 1677      7420696E 
 1677      7400
 1678              	.LASF21:
 1679 01a7 75696E74 		.ascii	"uint8\000"
 1679      3800
 1680              	.LASF4:
 1681 01ad 6C6F6E67 		.ascii	"long int\000"
 1681      20696E74 
 1681      00
 1682              	.LASF0:
 1683 01b6 7369676E 		.ascii	"signed char\000"
 1683      65642063 
 1683      68617200 
 1684              	.LASF19:
 1685 01c2 47656E65 		.ascii	"Generated_Source\\PSoC5\\cymetadata.c\000"
 1685      72617465 
 1685      645F536F 
 1685      75726365 
 1685      5C50536F 
 1686              		.ident	"GCC: (GNU Tools for ARM Embedded Processors) 4.9.3 20150303 (release) [ARM/embedded-4_9-br
