Loading plugins phase: Elapsed time ==> 0s.215ms
<CYPRESSTAG name="CyDsfit arguments...">
cydsfit arguments: -.fdsnotice -.fdswarpdepfile=warp_dependencies.txt -.fdselabdepfile=elab_dependencies.txt -.fdsbldfile=generated_files.txt -.fdsreffile=referenced_files.txt -p C:\Users\angel\Documents\PSoC Creator\Boton_Software\Boton_Software.cydsn\Boton_Software.cyprj -d CY8C5888LTI-LP097 -s C:\Users\angel\Documents\PSoC Creator\Boton_Software\Boton_Software.cydsn\Generated_Source\PSoC5 -- -yv2 -q10 -ygs -o2 -v3 -.fftcfgtype=LE
</CYPRESSTAG>
<CYPRESSTAG name="Design elaboration results...">
</CYPRESSTAG>
Elaboration phase: Elapsed time ==> 1s.260ms
<CYPRESSTAG name="HDL generation results...">
</CYPRESSTAG>
HDL generation phase: Elapsed time ==> 0s.052ms
<CYPRESSTAG name="Synthesis results...">

     | | | | | | |
   _________________
  -|               |-
  -|               |-
  -|               |-
  -|    CYPRESS    |-
  -|               |-
  -|               |-   Warp Verilog Synthesis Compiler: Version 6.3 IR 41
  -|               |-   Copyright (C) 1991-2001 Cypress Semiconductor
   |_______________|
     | | | | | | |

======================================================================
Compiling:  Boton_Software.v
Program  :   C:\Program Files (x86)\Cypress\PSoC Creator\4.3\PSoC Creator\warp\bin\warp.exe
Options  :    -yv2 -q10 -ygs -o2 -v3 -.fftcfgtype=LE -ya -.fftprj=C:\Users\angel\Documents\PSoC Creator\Boton_Software\Boton_Software.cydsn\Boton_Software.cyprj -dcpsoc3 Boton_Software.v -verilog
======================================================================

======================================================================
Compiling:  Boton_Software.v
Program  :   C:\Program Files (x86)\Cypress\PSoC Creator\4.3\PSoC Creator\warp\bin\warp.exe
Options  :    -yv2 -q10 -ygs -o2 -v3 -.fftcfgtype=LE -ya -.fftprj=C:\Users\angel\Documents\PSoC Creator\Boton_Software\Boton_Software.cydsn\Boton_Software.cyprj -dcpsoc3 Boton_Software.v -verilog
======================================================================

======================================================================
Compiling:  Boton_Software.v
Program  :   vlogfe
Options  :    -yv2 -q10 -ygs -o2 -v3 -.fftcfgtype=LE -ya -.fftprj=C:\Users\angel\Documents\PSoC Creator\Boton_Software\Boton_Software.cydsn\Boton_Software.cyprj -dcpsoc3 -verilog Boton_Software.v
======================================================================

vlogfe V6.3 IR 41:  Verilog parser
Mon Dec 28 21:28:48 2020


======================================================================
Compiling:  Boton_Software.v
Program  :   vpp
Options  :    -yv2 -q10 Boton_Software.v
======================================================================

vpp V6.3 IR 41:  Verilog Pre-Processor
Mon Dec 28 21:28:48 2020

Flattening file 'C:\Program Files (x86)\Cypress\PSoC Creator\4.3\PSoC Creator\psoc\content\CyComponentLibrary\CyComponentLibrary.cylib\GlitchFilter_v2_0\GlitchFilter_v2_0.v'
Flattening file 'C:\Program Files (x86)\Cypress\PSoC Creator\4.3\PSoC Creator\warp\lib\common\cypress.v'
Flattening file 'C:\Program Files (x86)\Cypress\PSoC Creator\4.3\PSoC Creator\warp\lib\common\cy_psoc3_inc.v'

vpp:  No errors.

Library 'work' => directory 'lcpsoc3'
General_symbol_table
General_symbol_table
Linking 'C:\Program Files (x86)\Cypress\PSoC Creator\4.3\PSoC Creator\warp\lib\common\std.vhd'.
Linking 'C:\Program Files (x86)\Cypress\PSoC Creator\4.3\PSoC Creator\warp\lib\common\cypress.vhd'.
Linking 'C:\Program Files (x86)\Cypress\PSoC Creator\4.3\PSoC Creator\warp\lib\common\work\cypress.vif'.
Linking 'C:\Program Files (x86)\Cypress\PSoC Creator\4.3\PSoC Creator\warp\lib\ieee\work\stdlogic.vif'.
Linking 'C:\Program Files (x86)\Cypress\PSoC Creator\4.3\PSoC Creator\warp\lib\common\stdlogic\lpmpkg.vif'.
Linking 'C:\Program Files (x86)\Cypress\PSoC Creator\4.3\PSoC Creator\warp\lib\common\stdlogic\rtlpkg.vif'.
Linking 'C:\Program Files (x86)\Cypress\PSoC Creator\4.3\PSoC Creator\warp\lib\common\stdlogic\mod_cnst.vif'.
Linking 'C:\Program Files (x86)\Cypress\PSoC Creator\4.3\PSoC Creator\warp\lib\common\stdlogic\mod_mthv.vif'.
Linking 'C:\Program Files (x86)\Cypress\PSoC Creator\4.3\PSoC Creator\warp\lib\common\stdlogic\mod_genv.vif'.
Using control file 'Boton_Software.ctl'.
Linking 'C:\Program Files (x86)\Cypress\PSoC Creator\4.3\PSoC Creator\warp\lib\common\stdlogic\cy_psoc3pkg.vif'.
Linking 'C:\Program Files (x86)\Cypress\PSoC Creator\4.3\PSoC Creator\warp\lib\common\stdlogic\cy_psoc3.vif'.

vlogfe:  No errors.


======================================================================
Compiling:  Boton_Software.v
Program  :   tovif
Options  :    -yv2 -q10 -ygs -o2 -v3 -.fftcfgtype=LE -ya -.fftprj=C:\Users\angel\Documents\PSoC Creator\Boton_Software\Boton_Software.cydsn\Boton_Software.cyprj -dcpsoc3 -verilog Boton_Software.v
======================================================================

tovif V6.3 IR 41:  High-level synthesis
Mon Dec 28 21:28:48 2020

Linking 'C:\Program Files (x86)\Cypress\PSoC Creator\4.3\PSoC Creator\warp\lib\common\std.vhd'.
Linking 'C:\Program Files (x86)\Cypress\PSoC Creator\4.3\PSoC Creator\warp\lib\common\cypress.vhd'.
Linking 'C:\Program Files (x86)\Cypress\PSoC Creator\4.3\PSoC Creator\warp\lib\common\work\cypress.vif'.
Linking 'C:\Program Files (x86)\Cypress\PSoC Creator\4.3\PSoC Creator\warp\lib\ieee\work\stdlogic.vif'.
Linking 'C:\Program Files (x86)\Cypress\PSoC Creator\4.3\PSoC Creator\warp\lib\common\stdlogic\lpmpkg.vif'.
Linking 'C:\Program Files (x86)\Cypress\PSoC Creator\4.3\PSoC Creator\warp\lib\common\stdlogic\rtlpkg.vif'.
Linking 'C:\Program Files (x86)\Cypress\PSoC Creator\4.3\PSoC Creator\warp\lib\common\stdlogic\mod_cnst.vif'.
Linking 'C:\Program Files (x86)\Cypress\PSoC Creator\4.3\PSoC Creator\warp\lib\common\stdlogic\mod_mthv.vif'.
Linking 'C:\Program Files (x86)\Cypress\PSoC Creator\4.3\PSoC Creator\warp\lib\common\stdlogic\mod_genv.vif'.
Linking 'C:\Users\angel\Documents\PSoC Creator\Boton_Software\Boton_Software.cydsn\codegentemp\Boton_Software.ctl'.
Linking 'C:\Program Files (x86)\Cypress\PSoC Creator\4.3\PSoC Creator\psoc\content\CyComponentLibrary\CyComponentLibrary.cylib\GlitchFilter_v2_0\GlitchFilter_v2_0.v'.
Linking 'C:\Program Files (x86)\Cypress\PSoC Creator\4.3\PSoC Creator\warp\lib\common\cypress.v'.
Linking 'C:\Program Files (x86)\Cypress\PSoC Creator\4.3\PSoC Creator\warp\lib\common\cy_psoc3_inc.v'.
Linking 'C:\Users\angel\Documents\PSoC Creator\Boton_Software\Boton_Software.cydsn\codegentemp\Boton_Software.v'.
Linking 'C:\Program Files (x86)\Cypress\PSoC Creator\4.3\PSoC Creator\warp\lib\common\stdlogic\cy_psoc3pkg.vif'.
Linking 'C:\Program Files (x86)\Cypress\PSoC Creator\4.3\PSoC Creator\warp\lib\common\stdlogic\cy_psoc3.vif'.

tovif:  No errors.


======================================================================
Compiling:  Boton_Software.v
Program  :   topld
Options  :    -yv2 -q10 -ygs -o2 -v3 -.fftcfgtype=LE -ya -.fftprj=C:\Users\angel\Documents\PSoC Creator\Boton_Software\Boton_Software.cydsn\Boton_Software.cyprj -dcpsoc3 -verilog Boton_Software.v
======================================================================

topld V6.3 IR 41:  Synthesis and optimization
Mon Dec 28 21:28:48 2020

Linking 'C:\Program Files (x86)\Cypress\PSoC Creator\4.3\PSoC Creator\warp\lib\common\std.vhd'.
Linking 'C:\Program Files (x86)\Cypress\PSoC Creator\4.3\PSoC Creator\warp\lib\common\cypress.vhd'.
Linking 'C:\Program Files (x86)\Cypress\PSoC Creator\4.3\PSoC Creator\warp\lib\common\work\cypress.vif'.
Linking 'C:\Program Files (x86)\Cypress\PSoC Creator\4.3\PSoC Creator\warp\lib\ieee\work\stdlogic.vif'.
Linking 'C:\Program Files (x86)\Cypress\PSoC Creator\4.3\PSoC Creator\warp\lib\common\stdlogic\lpmpkg.vif'.
Linking 'C:\Program Files (x86)\Cypress\PSoC Creator\4.3\PSoC Creator\warp\lib\common\stdlogic\rtlpkg.vif'.
Linking 'C:\Program Files (x86)\Cypress\PSoC Creator\4.3\PSoC Creator\warp\lib\common\stdlogic\mod_cnst.vif'.
Linking 'C:\Program Files (x86)\Cypress\PSoC Creator\4.3\PSoC Creator\warp\lib\common\stdlogic\mod_mthv.vif'.
Linking 'C:\Program Files (x86)\Cypress\PSoC Creator\4.3\PSoC Creator\warp\lib\common\stdlogic\mod_genv.vif'.
Linking 'C:\Users\angel\Documents\PSoC Creator\Boton_Software\Boton_Software.cydsn\codegentemp\Boton_Software.ctl'.
Linking 'C:\Program Files (x86)\Cypress\PSoC Creator\4.3\PSoC Creator\psoc\content\CyComponentLibrary\CyComponentLibrary.cylib\GlitchFilter_v2_0\GlitchFilter_v2_0.v'.
Linking 'C:\Program Files (x86)\Cypress\PSoC Creator\4.3\PSoC Creator\warp\lib\common\cypress.v'.
Linking 'C:\Program Files (x86)\Cypress\PSoC Creator\4.3\PSoC Creator\warp\lib\common\cy_psoc3_inc.v'.
Linking 'C:\Users\angel\Documents\PSoC Creator\Boton_Software\Boton_Software.cydsn\codegentemp\Boton_Software.v'.
Linking 'C:\Program Files (x86)\Cypress\PSoC Creator\4.3\PSoC Creator\warp\lib\common\stdlogic\cy_psoc3pkg.vif'.
Linking 'C:\Program Files (x86)\Cypress\PSoC Creator\4.3\PSoC Creator\warp\lib\common\stdlogic\cy_psoc3.vif'.
Linking 'C:\Program Files (x86)\Cypress\PSoC Creator\4.3\PSoC Creator\warp\lib\lcpsoc3\stdlogic\cpsoc3.vif'.

----------------------------------------------------------
Detecting unused logic.
----------------------------------------------------------



------------------------------------------------------
Alias Detection
------------------------------------------------------
Aliasing one to tmpOE__LED_net_0
Aliasing tmpOE__Boton_net_0 to tmpOE__LED_net_0
Removing Lhs of wire one[6] = tmpOE__LED_net_0[1]
Removing Lhs of wire tmpOE__Boton_net_0[9] = tmpOE__LED_net_0[1]
Removing Rhs of wire Net_16[15] = \GlitchFilter:genblk1[0]:last_state\[24]
Removing Lhs of wire \GlitchFilter:genblk1[0]:samples_2\\D\[26] = \GlitchFilter:genblk1[0]:samples_1\[21]
Removing Lhs of wire \GlitchFilter:genblk1[0]:samples_1\\D\[27] = \GlitchFilter:genblk1[0]:samples_0\[22]
Removing Lhs of wire \GlitchFilter:genblk1[0]:samples_0\\D\[28] = Net_13[10]

------------------------------------------------------
Aliased 0 equations, 6 wires.
------------------------------------------------------

----------------------------------------------------------
Circuit simplification
----------------------------------------------------------

Substituting virtuals - pass 1:

Note:  Expanding virtual equation for '\GlitchFilter:genblk1[0]:or_term\' (cost = 4):
\GlitchFilter:genblk1[0]:or_term\ <= (\GlitchFilter:genblk1[0]:samples_0\
	OR \GlitchFilter:genblk1[0]:samples_1\
	OR \GlitchFilter:genblk1[0]:samples_2\
	OR Net_13);

Note:  Expanding virtual equation for '\GlitchFilter:genblk1[0]:and_term\' (cost = 1):
\GlitchFilter:genblk1[0]:and_term\ <= ((Net_13 and \GlitchFilter:genblk1[0]:samples_2\ and \GlitchFilter:genblk1[0]:samples_1\ and \GlitchFilter:genblk1[0]:samples_0\));


Substituting virtuals - pass 2:


----------------------------------------------------------
Circuit simplification results:

	Expanded 2 signals.
	Turned 0 signals into soft nodes.
	Maximum default expansion cost was set at 3.
----------------------------------------------------------

------------------------------------------------------
Alias Detection
------------------------------------------------------

------------------------------------------------------
Aliased 0 equations, 0 wires.
------------------------------------------------------

Last attempt to remove unused logic - pass 1:


Last attempt to remove unused logic - pass 2:


topld:  No errors.

CYPRESS_DIR    : C:\Program Files (x86)\Cypress\PSoC Creator\4.3\PSoC Creator\warp
Warp Program   : C:\Program Files (x86)\Cypress\PSoC Creator\4.3\PSoC Creator\warp\bin\warp.exe
Warp Arguments : -yv2 -q10 -ygs -o2 -v3 -.fftcfgtype=LE -ya "-.fftprj=C:\Users\angel\Documents\PSoC Creator\Boton_Software\Boton_Software.cydsn\Boton_Software.cyprj" -dcpsoc3 Boton_Software.v -verilog
</CYPRESSTAG>
Warp synthesis phase: Elapsed time ==> 0s.801ms
<CYPRESSTAG name="Fitter results...">
<CYPRESSTAG name="Fitter startup details...">
cyp3fit: V4.3.0.1445, Family: PSoC3, Started at: Monday, 28 December 2020 21:28:48
Options: -yv2 -q10 -ygs -o2 -v3 -.fftcfgtype=LE -ya -.fftprj=C:\Users\angel\Documents\PSoC Creator\Boton_Software\Boton_Software.cydsn\Boton_Software.cyprj -d CY8C5888LTI-LP097 Boton_Software.v -verilog
</CYPRESSTAG>
<CYPRESSTAG name="Design parsing">
Design parsing phase: Elapsed time ==> 0s.008ms
</CYPRESSTAG>
<CYPRESSTAG name="Tech Mapping">
<CYPRESSTAG name="Initial Mapping" icon="FILE_RPT_TECHM">
<CYPRESSTAG name="Global Clock Selection" icon="FILE_RPT_TECHM">
    Digital Clock 0: Automatic-assigning  clock 'Clock_1'. Fanout=1, Signal=Net_15
</CYPRESSTAG>
<CYPRESSTAG name="UDB Clock/Enable Remapping Results">
    UDB Clk/Enable \GlitchFilter:ClkSync\: with output requested to be synchronous
        ClockIn: Clock_1 was determined to be a global clock that is synchronous to BUS_CLK
        EnableIn: Constant 1 was determined to be synchronous to ClockIn
        ClockOut: Clock_1, EnableOut: Constant 1
</CYPRESSTAG>

Removing unused cells resulting from optimization
Done removing unused cells.
<CYPRESSTAG name="Duplicate Macrocell detection">
</CYPRESSTAG>
</CYPRESSTAG>
<CYPRESSTAG name="Duplicate Macrocell detection">
</CYPRESSTAG>
<CYPRESSTAG name="Design Equations" icon="FILE_RPT_EQUATION">

------------------------------------------------------------
Design Equations
------------------------------------------------------------
    <CYPRESSTAG name="Pin listing">

    ------------------------------------------------------------
    Pin listing
    ------------------------------------------------------------

    Pin : Name = LED(0)
        Attributes:
            In Group/Port: True
            In Sync Option: AUTO
            Out Sync Option: NOSYNC
            Interrupt generated: False
            Interrupt mode: NONE
            Drive mode: CMOS_OUT
            VTrip: EITHER
            Slew: FAST
            Input Sync needed: False
            Output Sync needed: False
            SC shield enabled: False
            POR State: ANY
            LCD Mode: COMMON
            Register Mode: RegComb
            CaSense Mode: NEITHER
            Treat as pin: True
            Is OE Registered: False
            Uses Analog: False
            Can contain Digital: True
            Is SIO: False
            SIO Output Buf: NONREGULATED
            SIO Input Buf: SINGLE_ENDED
            SIO HiFreq: LOW
            SIO Hyst: DISABLED
            SIO Vtrip: MULTIPLIER_0_5
            SIO Multiplier Index: 0
            SIO RefSel: VCC_IO
            Required Capabilities: DIGITAL
            Initial Value: 0
            IO Voltage: 0
        PORT MAP (
            pa_out => LED(0)__PA ,
            pad => LED(0)_PAD );
        Properties:
        {
        }

    Pin : Name = Boton(0)
        Attributes:
            In Group/Port: True
            In Sync Option: NOSYNC
            Out Sync Option: AUTO
            Interrupt generated: False
            Interrupt mode: NONE
            Drive mode: RES_PULL_UP
            VTrip: CMOS
            Slew: FAST
            Input Sync needed: False
            Output Sync needed: False
            SC shield enabled: False
            POR State: ANY
            LCD Mode: COMMON
            Register Mode: RegComb
            CaSense Mode: NEITHER
            Treat as pin: True
            Is OE Registered: False
            Uses Analog: False
            Can contain Digital: True
            Is SIO: False
            SIO Output Buf: NONREGULATED
            SIO Input Buf: SINGLE_ENDED
            SIO HiFreq: LOW
            SIO Hyst: DISABLED
            SIO Vtrip: MULTIPLIER_0_5
            SIO Multiplier Index: 0
            SIO RefSel: VCC_IO
            Required Capabilities: DIGITAL, ROUTABLE
            Initial Value: 1
            IO Voltage: 0
        PORT MAP (
            pa_out => Boton(0)__PA ,
            fb => Net_13 ,
            pad => Boton(0)_PAD );
        Properties:
        {
        }
    </CYPRESSTAG>
    <CYPRESSTAG name="Macrocell listing" icon="FILE_RPT_EQUATION">

    ------------------------------------------------------------
    Macrocell listing
    ------------------------------------------------------------

    MacroCell: Name=\GlitchFilter:genblk1[0]:samples_2\, Mode=(D-Register)
        Total # of inputs        : 1
        Total # of product terms : 1
        List of special equations: 
            Clock  = (Net_15) => Global
            Clock Enable: True
        Main Equation            : 1 pterm
        (
              \GlitchFilter:genblk1[0]:samples_1\
        );
        Output = \GlitchFilter:genblk1[0]:samples_2\ (fanout=1)

    MacroCell: Name=\GlitchFilter:genblk1[0]:samples_1\, Mode=(D-Register)
        Total # of inputs        : 1
        Total # of product terms : 1
        List of special equations: 
            Clock  = (Net_15) => Global
            Clock Enable: True
        Main Equation            : 1 pterm
        (
              \GlitchFilter:genblk1[0]:samples_0\
        );
        Output = \GlitchFilter:genblk1[0]:samples_1\ (fanout=2)

    MacroCell: Name=\GlitchFilter:genblk1[0]:samples_0\, Mode=(D-Register)
        Total # of inputs        : 1
        Total # of product terms : 1
        List of special equations: 
            Clock  = (Net_15) => Global
            Clock Enable: True
        Main Equation            : 1 pterm
        (
              Net_13
        );
        Output = \GlitchFilter:genblk1[0]:samples_0\ (fanout=2)

    MacroCell: Name=Net_16, Mode=(T-Register)
        Total # of inputs        : 5
        Total # of product terms : 2
        List of special equations: 
            Clock  = (Net_15) => Global
            Clock Enable: True
        Main Equation            : 2 pterms
        (
              !Net_13 * Net_16 * !\GlitchFilter:genblk1[0]:samples_2\ * 
              !\GlitchFilter:genblk1[0]:samples_1\ * 
              !\GlitchFilter:genblk1[0]:samples_0\
            + Net_13 * !Net_16 * \GlitchFilter:genblk1[0]:samples_2\ * 
              \GlitchFilter:genblk1[0]:samples_1\ * 
              \GlitchFilter:genblk1[0]:samples_0\
        );
        Output = Net_16 (fanout=2)
    </CYPRESSTAG>
    <CYPRESSTAG name="Datapath listing">
    </CYPRESSTAG>
    <CYPRESSTAG name="Status register listing">
    </CYPRESSTAG>
    <CYPRESSTAG name="StatusI register listing">
    </CYPRESSTAG>
    <CYPRESSTAG name="Sync listing">
    </CYPRESSTAG>
    <CYPRESSTAG name="Control register listing">
    </CYPRESSTAG>
    <CYPRESSTAG name="Count7 listing">
    </CYPRESSTAG>
    <CYPRESSTAG name="DRQ listing">
    </CYPRESSTAG>
    <CYPRESSTAG name="Interrupt listing">

    ------------------------------------------------------------
    Interrupt listing
    ------------------------------------------------------------

    interrupt: Name =isr_glitch
        PORT MAP (
            interrupt => Net_16 );
        Properties:
        {
            int_type = "10"
            is_nmi = 0
        }
    </CYPRESSTAG>
</CYPRESSTAG>
<CYPRESSTAG name="Technology mapping summary" expanded>

------------------------------------------------------------
Technology mapping summary
------------------------------------------------------------

Resource Type                 : Used : Free :  Max :  % Used
============================================================
Digital Clocks                :    1 :    7 :    8 : 12.50 %
Analog Clocks                 :    0 :    4 :    4 :  0.00 %
CapSense Buffers              :    0 :    2 :    2 :  0.00 %
Digital Filter Block          :    0 :    1 :    1 :  0.00 %
Interrupts                    :    1 :   31 :   32 :  3.13 %
IO                            :    5 :   43 :   48 : 10.42 %
Segment LCD                   :    0 :    1 :    1 :  0.00 %
CAN 2.0b                      :    0 :    1 :    1 :  0.00 %
I2C                           :    0 :    1 :    1 :  0.00 %
USB                           :    0 :    1 :    1 :  0.00 %
DMA Channels                  :    0 :   24 :   24 :  0.00 %
Timer                         :    0 :    4 :    4 :  0.00 %
UDB                           :      :      :      :        
  Macrocells                  :    4 :  188 :  192 :  2.08 %
  Unique P-terms              :    5 :  379 :  384 :  1.30 %
  Total P-terms               :    5 :      :      :        
  Datapath Cells              :    0 :   24 :   24 :  0.00 %
  Status Cells                :    0 :   24 :   24 :  0.00 %
  Control Cells               :    0 :   24 :   24 :  0.00 %
Opamp                         :    0 :    4 :    4 :  0.00 %
Comparator                    :    0 :    4 :    4 :  0.00 %
Delta-Sigma ADC               :    0 :    1 :    1 :  0.00 %
LPF                           :    0 :    2 :    2 :  0.00 %
SAR ADC                       :    0 :    2 :    2 :  0.00 %
Analog (SC/CT) Blocks         :    0 :    4 :    4 :  0.00 %
DAC                           :      :      :      :        
  VIDAC                       :    0 :    4 :    4 :  0.00 %
</CYPRESSTAG>
Technology Mapping: Elapsed time ==> 0s.062ms
Tech Mapping phase: Elapsed time ==> 0s.205ms
</CYPRESSTAG>
<CYPRESSTAG name="Analog Placement">
Initial Analog Placement Results:
IO_2@[IOP=(2)][IoId=(2)] : Boton(0) (fixed)
IO_1@[IOP=(2)][IoId=(1)] : LED(0) (fixed)
Analog Placement phase: Elapsed time ==> 0s.022ms
</CYPRESSTAG>
<CYPRESSTAG name="Analog Routing">
Analog Routing phase: Elapsed time ==> 0s.000ms
</CYPRESSTAG>
<CYPRESSTAG name="Analog Code Generation">
============ Analog Final Answer Routes ============
Dump of CyAnalogRoutingResultsDB
Map of net to items {
}
Map of item to net {
}
Mux Info {
}
Dump of CyP35AnalogRoutingResultsDB
IsVddaHalfUsedForComp = False
IsVddaHalfUsedForSar0 = False
IsVddaHalfUsedForSar1 = False
Analog Code Generation phase: Elapsed time ==> 0s.314ms
</CYPRESSTAG>
<CYPRESSTAG name="Digital Placement">
<CYPRESSTAG name="Detailed placement messages">
I2076: Total run-time: 0.6 sec.

</CYPRESSTAG>
<CYPRESSTAG name="PLD Packing">
<CYPRESSTAG name="PLD Packing Summary" expanded>

------------------------------------------------------------
PLD Packing Summary
------------------------------------------------------------
            Resource Type : Used : Free :  Max :  % Used
    ====================================================
                     PLDs :    1 :   47 :   48 :   2.08%

<CYPRESSTAG name="PLD Statistics">

        PLD Resource Type :     Average/LAB
    =======================================
                   Inputs :            5.00
                   Pterms :            5.00
               Macrocells :            4.00
</CYPRESSTAG>
<CYPRESSTAG name="Packed PLD Contents">
Packed PLD Contents not displayed at this verbose level.</CYPRESSTAG>
</CYPRESSTAG>
PLD Packing: Elapsed time ==> 0s.003ms
</CYPRESSTAG>
<CYPRESSTAG name="Partitioning">
<CYPRESSTAG name="Initial Partitioning Summary">
Initial Partitioning Summary not displayed at this verbose level.</CYPRESSTAG>
<CYPRESSTAG name="Final Partitioning Summary">
Final Partitioning Summary not displayed at this verbose level.</CYPRESSTAG>
Partitioning: Elapsed time ==> 0s.013ms
</CYPRESSTAG>
<CYPRESSTAG name="Final Placement Summary">

------------------------------------------------------------
Final Placement Summary
------------------------------------------------------------

       Resource Type :      Count : Avg Inputs : Avg Outputs
    ========================================================
                 UDB :          1 :       5.00 :       4.00
<CYPRESSTAG name="Final Placement Details">
<CYPRESSTAG name="Component Details">

------------------------------------------------------------
Component Placement Details
------------------------------------------------------------
UDB [UDB=(0,0)] is empty.
UDB [UDB=(0,1)] is empty.
UDB [UDB=(0,2)] is empty.
UDB [UDB=(0,3)] is empty.
UDB [UDB=(0,4)] contents:
LAB@[UDB=(0,4)][LB=0] #macrocells=4, #inputs=5, #pterms=5
{
    [McSlotId=0]:     MacroCell: Name=Net_16, Mode=(T-Register) @ [UDB=(0,4)][LB=0][MC=0]
        Total # of inputs        : 5
        Total # of product terms : 2
        List of special equations: 
            Clock  = (Net_15) => Global
            Clock Enable: True
        Main Equation            : 2 pterms
        (
              !Net_13 * Net_16 * !\GlitchFilter:genblk1[0]:samples_2\ * 
              !\GlitchFilter:genblk1[0]:samples_1\ * 
              !\GlitchFilter:genblk1[0]:samples_0\
            + Net_13 * !Net_16 * \GlitchFilter:genblk1[0]:samples_2\ * 
              \GlitchFilter:genblk1[0]:samples_1\ * 
              \GlitchFilter:genblk1[0]:samples_0\
        );
        Output = Net_16 (fanout=2)
        Properties               : 
        {
        }

    [McSlotId=1]:     MacroCell: Name=\GlitchFilter:genblk1[0]:samples_2\, Mode=(D-Register) @ [UDB=(0,4)][LB=0][MC=1]
        Total # of inputs        : 1
        Total # of product terms : 1
        List of special equations: 
            Clock  = (Net_15) => Global
            Clock Enable: True
        Main Equation            : 1 pterm
        (
              \GlitchFilter:genblk1[0]:samples_1\
        );
        Output = \GlitchFilter:genblk1[0]:samples_2\ (fanout=1)
        Properties               : 
        {
        }

    [McSlotId=2]:     MacroCell: Name=\GlitchFilter:genblk1[0]:samples_1\, Mode=(D-Register) @ [UDB=(0,4)][LB=0][MC=2]
        Total # of inputs        : 1
        Total # of product terms : 1
        List of special equations: 
            Clock  = (Net_15) => Global
            Clock Enable: True
        Main Equation            : 1 pterm
        (
              \GlitchFilter:genblk1[0]:samples_0\
        );
        Output = \GlitchFilter:genblk1[0]:samples_1\ (fanout=2)
        Properties               : 
        {
        }

    [McSlotId=3]:     MacroCell: Name=\GlitchFilter:genblk1[0]:samples_0\, Mode=(D-Register) @ [UDB=(0,4)][LB=0][MC=3]
        Total # of inputs        : 1
        Total # of product terms : 1
        List of special equations: 
            Clock  = (Net_15) => Global
            Clock Enable: True
        Main Equation            : 1 pterm
        (
              Net_13
        );
        Output = \GlitchFilter:genblk1[0]:samples_0\ (fanout=2)
        Properties               : 
        {
        }
}

UDB [UDB=(0,5)] is empty.
UDB [UDB=(1,0)] is empty.
UDB [UDB=(1,1)] is empty.
UDB [UDB=(1,2)] is empty.
UDB [UDB=(1,3)] is empty.
UDB [UDB=(1,4)] is empty.
UDB [UDB=(1,5)] is empty.
UDB [UDB=(2,0)] is empty.
UDB [UDB=(2,1)] is empty.
UDB [UDB=(2,2)] is empty.
UDB [UDB=(2,3)] is empty.
UDB [UDB=(2,4)] is empty.
UDB [UDB=(2,5)] is empty.
UDB [UDB=(3,0)] is empty.
UDB [UDB=(3,1)] is empty.
UDB [UDB=(3,2)] is empty.
UDB [UDB=(3,3)] is empty.
UDB [UDB=(3,4)] is empty.
UDB [UDB=(3,5)] is empty.
Intr container @ [IntrContainer=(0)]: 
  Intr@ [IntrContainer=(0)][IntrId=(0)] 
    interrupt: Name =isr_glitch
        PORT MAP (
            interrupt => Net_16 );
        Properties:
        {
            int_type = "10"
            is_nmi = 0
        }
Drq container @ [DrqContainer=(0)]: empty
Port 0 contains the following IO cells:
Port 1 contains the following IO cells:
Port 2 contains the following IO cells:
[IoId=1]: 
Pin : Name = LED(0)
    Attributes:
        In Group/Port: True
        In Sync Option: AUTO
        Out Sync Option: NOSYNC
        Interrupt generated: False
        Interrupt mode: NONE
        Drive mode: CMOS_OUT
        VTrip: EITHER
        Slew: FAST
        Input Sync needed: False
        Output Sync needed: False
        SC shield enabled: False
        POR State: ANY
        LCD Mode: COMMON
        Register Mode: RegComb
        CaSense Mode: NEITHER
        Treat as pin: True
        Is OE Registered: False
        Uses Analog: False
        Can contain Digital: True
        Is SIO: False
        SIO Output Buf: NONREGULATED
        SIO Input Buf: SINGLE_ENDED
        SIO HiFreq: LOW
        SIO Hyst: DISABLED
        SIO Vtrip: MULTIPLIER_0_5
        SIO Multiplier Index: 0
        SIO RefSel: VCC_IO
        Required Capabilities: DIGITAL
        Initial Value: 0
        IO Voltage: 0
    PORT MAP (
        pa_out => LED(0)__PA ,
        pad => LED(0)_PAD );
    Properties:
    {
    }

[IoId=2]: 
Pin : Name = Boton(0)
    Attributes:
        In Group/Port: True
        In Sync Option: NOSYNC
        Out Sync Option: AUTO
        Interrupt generated: False
        Interrupt mode: NONE
        Drive mode: RES_PULL_UP
        VTrip: CMOS
        Slew: FAST
        Input Sync needed: False
        Output Sync needed: False
        SC shield enabled: False
        POR State: ANY
        LCD Mode: COMMON
        Register Mode: RegComb
        CaSense Mode: NEITHER
        Treat as pin: True
        Is OE Registered: False
        Uses Analog: False
        Can contain Digital: True
        Is SIO: False
        SIO Output Buf: NONREGULATED
        SIO Input Buf: SINGLE_ENDED
        SIO HiFreq: LOW
        SIO Hyst: DISABLED
        SIO Vtrip: MULTIPLIER_0_5
        SIO Multiplier Index: 0
        SIO RefSel: VCC_IO
        Required Capabilities: DIGITAL, ROUTABLE
        Initial Value: 1
        IO Voltage: 0
    PORT MAP (
        pa_out => Boton(0)__PA ,
        fb => Net_13 ,
        pad => Boton(0)_PAD );
    Properties:
    {
    }

Port 3 contains the following IO cells:
Port 12 contains the following IO cells:
Port 15 contains the following IO cells:
ARM group 0: empty
CAN group 0: empty
Cache group 0: empty
CapSense group 0: empty
Clock group 0: 
    Clock Block @ F(Clock,0): 
    clockblockcell: Name =ClockBlock
        PORT MAP (
            imo => ClockBlock_IMO ,
            pllout => ClockBlock_PLL_OUT ,
            ilo => ClockBlock_ILO ,
            clk_100k => ClockBlock_100k ,
            clk_1k => ClockBlock_1k ,
            clk_32k => ClockBlock_32k ,
            xtal => ClockBlock_XTAL ,
            clk_32k_xtal => ClockBlock_XTAL_32KHZ ,
            clk_sync => ClockBlock_MASTER_CLK ,
            clk_bus_glb => ClockBlock_BUS_CLK ,
            clk_bus => ClockBlock_BUS_CLK_local ,
            dclk_glb_0 => Net_15 ,
            dclk_0 => Net_15_local );
        Properties:
        {
        }
Comparator group 0: empty
DFB group 0: empty
DSM group 0: empty
Decimator group 0: empty
EMIF group 0: empty
I2C group 0: empty
LCD group 0: empty
LVD group 0: empty
PICU group 0: empty
PM group 0: empty
SC group 0: empty
SPC group 0: empty
Timer group 0: empty
USB group 0: empty
VIDAC group 0: empty
OpAmp group 0: empty
CsAbuf group 0: empty
Vref group 0: empty
LPF group 0: empty
SAR group 0: empty
ANAIF group 0: empty
PHUB group 0: empty
</CYPRESSTAG>
<CYPRESSTAG name="Port Configuration Details">

------------------------------------------------------------
Port Configuration report
------------------------------------------------------------
     |     |       | Interrupt |                  |          | 
Port | Pin | Fixed |      Type |       Drive Mode |     Name | Connections
-----+-----+-------+-----------+------------------+----------+------------
   2 |   1 |     * |      NONE |         CMOS_OUT |   LED(0) | 
     |   2 |     * |      NONE |      RES_PULL_UP | Boton(0) | FB(Net_13)
--------------------------------------------------------------------------
</CYPRESSTAG>
</CYPRESSTAG>
</CYPRESSTAG>
Digital component placer commit/Report: Elapsed time ==> 0s.010ms
Digital Placement phase: Elapsed time ==> 1s.040ms
</CYPRESSTAG>
<CYPRESSTAG name="Digital Routing">
"C:\Program Files (x86)\Cypress\PSoC Creator\4.3\PSoC Creator\bin/sjrouter.exe" --xml-path "C:\Program Files (x86)\Cypress\PSoC Creator\4.3\PSoC Creator\dev\psoc5/psoc5lp/route_arch-rrg.cydata" --vh2-path "Boton_Software_r.vh2" --pcf-path "Boton_Software.pco" --des-name "Boton_Software" --dsf-path "Boton_Software.dsf" --sdc-path "Boton_Software.sdc" --lib-path "Boton_Software_r.lib"
Routing successful.
Digital Routing phase: Elapsed time ==> 1s.388ms
</CYPRESSTAG>
<CYPRESSTAG name="Bitstream Generation">
Bitstream Generation phase: Elapsed time ==> 0s.301ms
</CYPRESSTAG>
<CYPRESSTAG name="Bitstream Verification">
Bitstream Verification phase: Elapsed time ==> 0s.052ms
</CYPRESSTAG>
<CYPRESSTAG name="Static timing analysis">
Timing report is in Boton_Software_timing.html.
Static timing analysis phase: Elapsed time ==> 0s.303ms
</CYPRESSTAG>
<CYPRESSTAG name="Data reporting">
Data reporting phase: Elapsed time ==> 0s.000ms
</CYPRESSTAG>
<CYPRESSTAG name="Database update...">
Design database save phase: Elapsed time ==> 0s.224ms
</CYPRESSTAG>
cydsfit: Elapsed time ==> 3s.929ms
</CYPRESSTAG>
Fitter phase: Elapsed time ==> 3s.930ms
API generation phase: Elapsed time ==> 1s.594ms
Dependency generation phase: Elapsed time ==> 0s.034ms
Cleanup phase: Elapsed time ==> 0s.000ms
